Using pre-set license
Built from '2020.3/staging' branch; Version is '2020.3.19f1 (68f137dc9bbe) revision 6877495'; Using compiler version '192528614'; Build Type 'Release'
OS: 'Windows 10 Pro; OS build 19043.1526; Version 2009; 64bit' Language: 'es' Physical Memory: 16342 MB
BatchMode: 1, IsHumanControllingUs: 0, StartBugReporterOnCrash: 0, Is64bit: 1, IsPro: 0

COMMAND LINE ARGUMENTS:
C:\Program Files\Unity\Hub\Editor\2020.3.19f1\Editor\Unity.exe
-adb2
-batchMode
-noUpm
-name
AssetImportWorker0
-projectPath
D:/Daniel _Munyoz_Sanchez/DEMI/Survival_Aliens
-logFile
Logs/AssetImportWorker0.log
-srvPort
51428
Successfully changed project path to: D:/Daniel _Munyoz_Sanchez/DEMI/Survival_Aliens
D:/Daniel _Munyoz_Sanchez/DEMI/Survival_Aliens
Using Asset Import Pipeline V2.
Refreshing native plugins compatible for Editor in 72.55 ms, found 2 plugins.
Preloading 0 native plugins for Editor in 0.00 ms.
Initialize engine version: 2020.3.19f1 (68f137dc9bbe)
[Subsystems] Discovering subsystems at path C:/Program Files/Unity/Hub/Editor/2020.3.19f1/Editor/Data/Resources/UnitySubsystems
[Subsystems] Discovering subsystems at path D:/Daniel _Munyoz_Sanchez/DEMI/Survival_Aliens/Assets
GfxDevice: creating device client; threaded=0
Direct3D:
    Version:  Direct3D 11.0 [level 11.1]
    Renderer: NVIDIA GeForce GTX 1050 Ti (ID=0x1c82)
    Vendor:   
    VRAM:     4018 MB
    Driver:   27.21.14.5671
Initialize mono
Mono path[0] = 'C:/Program Files/Unity/Hub/Editor/2020.3.19f1/Editor/Data/Managed'
Mono path[1] = 'C:/Program Files/Unity/Hub/Editor/2020.3.19f1/Editor/Data/MonoBleedingEdge/lib/mono/unityjit'
Mono config path = 'C:/Program Files/Unity/Hub/Editor/2020.3.19f1/Editor/Data/MonoBleedingEdge/etc'
Using monoOptions --debugger-agent=transport=dt_socket,embedding=1,server=y,suspend=n,address=127.0.0.1:56004
Begin MonoManager ReloadAssembly
Registering precompiled unity dll's ...
Register platform support module: C:/Program Files/Unity/Hub/Editor/2020.3.19f1/Editor/Data/PlaybackEngines/WindowsStandaloneSupport/UnityEditor.WindowsStandalone.Extensions.dll
Registered in 0.002082 seconds.
Native extension for WindowsStandalone target not found
Refreshing native plugins compatible for Editor in 70.35 ms, found 2 plugins.
Preloading 0 native plugins for Editor in 0.00 ms.
Mono: successfully reloaded assembly
- Completed reload, in  1.159 seconds
Domain Reload Profiling:
	ReloadAssembly (1160ms)
		BeginReloadAssembly (57ms)
			ExecutionOrderSort (0ms)
			DisableScriptedObjects (0ms)
			BackupInstance (0ms)
			ReleaseScriptingObjects (0ms)
			CreateAndSetChildDomain (1ms)
		EndReloadAssembly (475ms)
			LoadAssemblies (55ms)
			RebuildTransferFunctionScriptingTraits (0ms)
			SetupTypeCache (165ms)
			ReleaseScriptCaches (0ms)
			RebuildScriptCaches (33ms)
			SetupLoadedEditorAssemblies (202ms)
				LogAssemblyErrors (0ms)
				InitializePlatformSupportModulesInManaged (4ms)
				SetLoadedEditorAssemblies (0ms)
				RefreshPlugins (70ms)
				BeforeProcessingInitializeOnLoad (11ms)
				ProcessInitializeOnLoadAttributes (86ms)
				ProcessInitializeOnLoadMethodAttributes (31ms)
				AfterProcessingInitializeOnLoad (0ms)
				EditorAssembliesLoaded (0ms)
			ExecutionOrderSort2 (0ms)
			AwakeInstancesAfterBackupRestoration (0ms)
Platform modules already initialized, skipping
Registering precompiled user dll's ...
Registered in 0.002469 seconds.
Begin MonoManager ReloadAssembly
Native extension for WindowsStandalone target not found
Refreshing native plugins compatible for Editor in 72.30 ms, found 2 plugins.
Preloading 0 native plugins for Editor in 0.00 ms.
Mono: successfully reloaded assembly
- Completed reload, in  1.348 seconds
Domain Reload Profiling:
	ReloadAssembly (1349ms)
		BeginReloadAssembly (167ms)
			ExecutionOrderSort (0ms)
			DisableScriptedObjects (5ms)
			BackupInstance (0ms)
			ReleaseScriptingObjects (0ms)
			CreateAndSetChildDomain (31ms)
		EndReloadAssembly (1116ms)
			LoadAssemblies (94ms)
			RebuildTransferFunctionScriptingTraits (0ms)
			SetupTypeCache (370ms)
			ReleaseScriptCaches (1ms)
			RebuildScriptCaches (86ms)
			SetupLoadedEditorAssemblies (434ms)
				LogAssemblyErrors (0ms)
				InitializePlatformSupportModulesInManaged (4ms)
				SetLoadedEditorAssemblies (0ms)
				RefreshPlugins (72ms)
				BeforeProcessingInitializeOnLoad (88ms)
				ProcessInitializeOnLoadAttributes (255ms)
				ProcessInitializeOnLoadMethodAttributes (7ms)
				AfterProcessingInitializeOnLoad (6ms)
				EditorAssembliesLoaded (0ms)
			ExecutionOrderSort2 (0ms)
			AwakeInstancesAfterBackupRestoration (7ms)
Platform modules already initialized, skipping
========================================================================
Worker process is ready to serve import requests
Launched and connected shader compiler UnityShaderCompiler.exe after 0.04 seconds
Refreshing native plugins compatible for Editor in 0.69 ms, found 2 plugins.
Preloading 0 native plugins for Editor in 0.00 ms.
Unloading 3440 Unused Serialized files (Serialized files now loaded: 0)
System memory in use before: 153.7 MB.
System memory in use after: 153.9 MB.

Unloading 18 unused Assets to reduce memory usage. Loaded Objects now: 3888.
Total: 3.729800 ms (FindLiveObjects: 0.319900 ms CreateObjectMapping: 0.190700 ms MarkObjects: 3.101700 ms  DeleteObjects: 0.116100 ms)

AssetImportParameters requested are different than current active one (requested -> active):
  custom:framework-win-MediaFoundation: 216162199b28c13a410421893ffa2e32 -> 
  custom:video-decoder-ogg-theora: a1e56fd34408186e4bbccfd4996cb3dc -> 
  custom:container-muxer-webm: aa71ff27fc2769a1b78a27578f13a17b -> 
  custom:container-demuxer-webm: 4f35f7cbe854078d1ac9338744f61a02 -> 
  custom:container-demuxer-ogg: 62fdf1f143b41e24485cea50d1cbac27 -> 
  custom:video-encoder-webm-vp8: eb34c28f22e8b96e1ab97ce403110664 -> 
  custom:video-decoder-webm-vp8: 9c59270c3fd7afecdb556c50c9e8de78 -> 
  custom:audio-decoder-ogg-vorbis: bf7c407c2cedff20999df2af8eb42d56 -> 
  custom:audio-encoder-webm-vorbis: bf7c407c2cedff20999df2af8eb42d56 -> 
========================================================================
Received Import Request.
  path: Assets/Scripts/enemy_move.cs
  artifactKey: Guid(7997209acc2bac04c9e3ea06b5a9e0fa) Importer(815301076,1909f56bfc062723c751e8b465ee728b)
Start importing Assets/Scripts/enemy_move.cs using Guid(7997209acc2bac04c9e3ea06b5a9e0fa) Importer(815301076,1909f56bfc062723c751e8b465ee728b)  -> (artifact id: 'fe1fe85193d873601a838a4629b022ad') in 0.026709 seconds 
  Import took 0.047338 seconds .

========================================================================
Received Import Request.
  Time since last request: 34.336136 seconds.
  path: Assets/Scenes/Ville.unity
  artifactKey: Guid(1d00dc4e7bae7484f80d3b6d29165ed8) Importer(815301076,1909f56bfc062723c751e8b465ee728b)
Start importing Assets/Scenes/Ville.unity using Guid(1d00dc4e7bae7484f80d3b6d29165ed8) Importer(815301076,1909f56bfc062723c751e8b465ee728b)  -> (artifact id: 'cecfaf160960cf3e3961daa02fb2848c') in 0.012434 seconds 
  Import took 0.017917 seconds .

========================================================================
Received Import Request.
  Time since last request: 68.226848 seconds.
  path: Assets/Player/Model/Prefab/Weapon/Impact_bullet_prefab.prefab
  artifactKey: Guid(5b52e18c389d5d149bdd1873c8ffba4e) Importer(815301076,1909f56bfc062723c751e8b465ee728b)
Start importing Assets/Player/Model/Prefab/Weapon/Impact_bullet_prefab.prefab using Guid(5b52e18c389d5d149bdd1873c8ffba4e) Importer(815301076,1909f56bfc062723c751e8b465ee728b)  -> (artifact id: '92d2128ad7a8b03b9d5be925daf9e524') in 0.309368 seconds 
  Import took 0.317499 seconds .

========================================================================
Received Import Request.
  Time since last request: 0.000257 seconds.
  path: Assets/Player/Model/Prefab/Weapon/impactBullet 1.prefab
  artifactKey: Guid(5a2a936c066f2f441835d0ec118af9a5) Importer(815301076,1909f56bfc062723c751e8b465ee728b)
Start importing Assets/Player/Model/Prefab/Weapon/impactBullet 1.prefab using Guid(5a2a936c066f2f441835d0ec118af9a5) Importer(815301076,1909f56bfc062723c751e8b465ee728b)  -> (artifact id: '55fb117f68780e247899b7dc6c5235a2') in 0.017800 seconds 
  Import took 0.035124 seconds .

========================================================================
Received Import Request.
  Time since last request: 4.617955 seconds.
  path: Assets/Player/Model/Prefab/Character/DefaultFemalePBR.prefab
  artifactKey: Guid(f0aa068246263dd4ba7a61b712d2c765) Importer(815301076,1909f56bfc062723c751e8b465ee728b)
Start importing Assets/Player/Model/Prefab/Character/DefaultFemalePBR.prefab using Guid(f0aa068246263dd4ba7a61b712d2c765) Importer(815301076,1909f56bfc062723c751e8b465ee728b)  -> (artifact id: '6471d253206f43bd6a9f87e7e7c57568') in 0.140919 seconds 
  Import took 0.149680 seconds .

========================================================================
Received Import Request.
  Time since last request: 0.000303 seconds.
  path: Assets/Player/Model/Prefab/Character/DefaultMalePolyart.prefab
  artifactKey: Guid(d94b6c3adedb282409fcb59cb49d45bb) Importer(815301076,1909f56bfc062723c751e8b465ee728b)
Start importing Assets/Player/Model/Prefab/Character/DefaultMalePolyart.prefab using Guid(d94b6c3adedb282409fcb59cb49d45bb) Importer(815301076,1909f56bfc062723c751e8b465ee728b)  -> (artifact id: 'f5c77a57d59c9708fca96f87b9113f5d') in 0.061379 seconds 
  Import took 0.083734 seconds .

========================================================================
Received Import Request.
  Time since last request: 0.000271 seconds.
  path: Assets/Player/Model/Prefab/Character/DefaultMalePBR.prefab
  artifactKey: Guid(31bdf8eb5c2f2a545956e0763ca4c455) Importer(815301076,1909f56bfc062723c751e8b465ee728b)
Start importing Assets/Player/Model/Prefab/Character/DefaultMalePBR.prefab using Guid(31bdf8eb5c2f2a545956e0763ca4c455) Importer(815301076,1909f56bfc062723c751e8b465ee728b)  -> (artifact id: 'bdb13708c24d652ca5cba9c8c70ac8d3') in 0.034336 seconds 
  Import took 0.048295 seconds .

========================================================================
Received Import Request.
  Time since last request: 0.000272 seconds.
  path: Assets/Player/Model/Prefab/Character/DefaultFemalePolyart.prefab
  artifactKey: Guid(0bd40dbf3176bcb40a6e63bebf40094b) Importer(815301076,1909f56bfc062723c751e8b465ee728b)
Start importing Assets/Player/Model/Prefab/Character/DefaultFemalePolyart.prefab using Guid(0bd40dbf3176bcb40a6e63bebf40094b) Importer(815301076,1909f56bfc062723c751e8b465ee728b)  -> (artifact id: '339235832a8df7077a52f41f463af092') in 0.034157 seconds 
  Import took 0.060453 seconds .

========================================================================
Received Prepare
Registering precompiled user dll's ...
Registered in 0.002692 seconds.
Begin MonoManager ReloadAssembly
Native extension for WindowsStandalone target not found
Refreshing native plugins compatible for Editor in 0.69 ms, found 2 plugins.
Preloading 0 native plugins for Editor in 0.00 ms.
Mono: successfully reloaded assembly
- Completed reload, in  1.147 seconds
Domain Reload Profiling:
	ReloadAssembly (1147ms)
		BeginReloadAssembly (127ms)
			ExecutionOrderSort (0ms)
			DisableScriptedObjects (7ms)
			BackupInstance (0ms)
			ReleaseScriptingObjects (0ms)
			CreateAndSetChildDomain (38ms)
		EndReloadAssembly (958ms)
			LoadAssemblies (88ms)
			RebuildTransferFunctionScriptingTraits (0ms)
			SetupTypeCache (338ms)
			ReleaseScriptCaches (1ms)
			RebuildScriptCaches (71ms)
			SetupLoadedEditorAssemblies (317ms)
				LogAssemblyErrors (0ms)
				InitializePlatformSupportModulesInManaged (5ms)
				SetLoadedEditorAssemblies (0ms)
				RefreshPlugins (1ms)
				BeforeProcessingInitializeOnLoad (72ms)
				ProcessInitializeOnLoadAttributes (227ms)
				ProcessInitializeOnLoadMethodAttributes (5ms)
				AfterProcessingInitializeOnLoad (6ms)
				EditorAssembliesLoaded (0ms)
			ExecutionOrderSort2 (0ms)
			AwakeInstancesAfterBackupRestoration (16ms)
Platform modules already initialized, skipping
Refreshing native plugins compatible for Editor in 0.68 ms, found 2 plugins.
Preloading 0 native plugins for Editor in 0.00 ms.
Unloading 3305 Unused Serialized files (Serialized files now loaded: 0)
System memory in use before: 163.1 MB.
System memory in use after: 163.3 MB.

Unloading 14 unused Assets to reduce memory usage. Loaded Objects now: 3937.
Total: 3.508200 ms (FindLiveObjects: 0.291200 ms CreateObjectMapping: 0.169400 ms MarkObjects: 2.959600 ms  DeleteObjects: 0.086900 ms)

AssetImportParameters requested are different than current active one (requested -> active):
  custom:framework-win-MediaFoundation: 216162199b28c13a410421893ffa2e32 -> 
  custom:video-decoder-ogg-theora: a1e56fd34408186e4bbccfd4996cb3dc -> 
  custom:container-muxer-webm: aa71ff27fc2769a1b78a27578f13a17b -> 
  custom:container-demuxer-webm: 4f35f7cbe854078d1ac9338744f61a02 -> 
  custom:container-demuxer-ogg: 62fdf1f143b41e24485cea50d1cbac27 -> 
  custom:video-encoder-webm-vp8: eb34c28f22e8b96e1ab97ce403110664 -> 
  custom:video-decoder-webm-vp8: 9c59270c3fd7afecdb556c50c9e8de78 -> 
  custom:audio-decoder-ogg-vorbis: bf7c407c2cedff20999df2af8eb42d56 -> 
  custom:audio-encoder-webm-vorbis: bf7c407c2cedff20999df2af8eb42d56 -> 
AssetImportWorkerClient::OnTransportError - code=2 error=End of file
