Using pre-set license
Built from '2020.3/staging' branch; Version is '2020.3.19f1 (68f137dc9bbe) revision 6877495'; Using compiler version '192528614'; Build Type 'Release'
OS: 'Windows 10 Home; OS build 19042.1466; Version 2009; 64bit' Language: 'es' Physical Memory: 16321 MB
BatchMode: 1, IsHumanControllingUs: 0, StartBugReporterOnCrash: 0, Is64bit: 1, IsPro: 0

COMMAND LINE ARGUMENTS:
C:\Program Files\Unity\Hub\Editor\2020.3.19f1\Editor\Unity.exe
-adb2
-batchMode
-noUpm
-name
AssetImportWorker1
-projectPath
C:/Users/danim/Documents/GitHub/Survival_Aliens
-logFile
Logs/AssetImportWorker1.log
-srvPort
50887
Successfully changed project path to: C:/Users/danim/Documents/GitHub/Survival_Aliens
C:/Users/danim/Documents/GitHub/Survival_Aliens
Using Asset Import Pipeline V2.
Refreshing native plugins compatible for Editor in 164.08 ms, found 2 plugins.
Preloading 0 native plugins for Editor in 0.00 ms.
Initialize engine version: 2020.3.19f1 (68f137dc9bbe)
[Subsystems] Discovering subsystems at path C:/Program Files/Unity/Hub/Editor/2020.3.19f1/Editor/Data/Resources/UnitySubsystems
[Subsystems] Discovering subsystems at path C:/Users/danim/Documents/GitHub/Survival_Aliens/Assets
GfxDevice: creating device client; threaded=0
Direct3D:
    Version:  Direct3D 11.0 [level 11.1]
    Renderer: NVIDIA GeForce GTX 1050 Ti (ID=0x1c82)
    Vendor:   
    VRAM:     4018 MB
    Driver:   27.21.14.6663
Initialize mono
Mono path[0] = 'C:/Program Files/Unity/Hub/Editor/2020.3.19f1/Editor/Data/Managed'
Mono path[1] = 'C:/Program Files/Unity/Hub/Editor/2020.3.19f1/Editor/Data/MonoBleedingEdge/lib/mono/unityjit'
Mono config path = 'C:/Program Files/Unity/Hub/Editor/2020.3.19f1/Editor/Data/MonoBleedingEdge/etc'
Using monoOptions --debugger-agent=transport=dt_socket,embedding=1,server=y,suspend=n,address=127.0.0.1:56624
Begin MonoManager ReloadAssembly
Registering precompiled unity dll's ...
Register platform support module: C:/Program Files/Unity/Hub/Editor/2020.3.19f1/Editor/Data/PlaybackEngines/WindowsStandaloneSupport/UnityEditor.WindowsStandalone.Extensions.dll
Registered in 0.005748 seconds.
Native extension for WindowsStandalone target not found
Refreshing native plugins compatible for Editor in 168.90 ms, found 2 plugins.
Preloading 0 native plugins for Editor in 0.00 ms.
Mono: successfully reloaded assembly
- Completed reload, in  3.551 seconds
Domain Reload Profiling:
	ReloadAssembly (3559ms)
		BeginReloadAssembly (177ms)
			ExecutionOrderSort (0ms)
			DisableScriptedObjects (0ms)
			BackupInstance (0ms)
			ReleaseScriptingObjects (0ms)
			CreateAndSetChildDomain (2ms)
		EndReloadAssembly (1313ms)
			LoadAssemblies (169ms)
			RebuildTransferFunctionScriptingTraits (0ms)
			SetupTypeCache (428ms)
			ReleaseScriptCaches (0ms)
			RebuildScriptCaches (97ms)
			SetupLoadedEditorAssemblies (545ms)
				LogAssemblyErrors (0ms)
				InitializePlatformSupportModulesInManaged (12ms)
				SetLoadedEditorAssemblies (3ms)
				RefreshPlugins (175ms)
				BeforeProcessingInitializeOnLoad (19ms)
				ProcessInitializeOnLoadAttributes (246ms)
				ProcessInitializeOnLoadMethodAttributes (89ms)
				AfterProcessingInitializeOnLoad (0ms)
				EditorAssembliesLoaded (0ms)
			ExecutionOrderSort2 (0ms)
			AwakeInstancesAfterBackupRestoration (0ms)
Platform modules already initialized, skipping
Registering precompiled user dll's ...
Registered in 0.009047 seconds.
Begin MonoManager ReloadAssembly
Native extension for WindowsStandalone target not found
Refreshing native plugins compatible for Editor in 171.65 ms, found 2 plugins.
Preloading 0 native plugins for Editor in 0.00 ms.
Mono: successfully reloaded assembly
- Completed reload, in  3.570 seconds
Domain Reload Profiling:
	ReloadAssembly (3576ms)
		BeginReloadAssembly (528ms)
			ExecutionOrderSort (0ms)
			DisableScriptedObjects (14ms)
			BackupInstance (0ms)
			ReleaseScriptingObjects (0ms)
			CreateAndSetChildDomain (66ms)
		EndReloadAssembly (2776ms)
			LoadAssemblies (360ms)
			RebuildTransferFunctionScriptingTraits (0ms)
			SetupTypeCache (923ms)
			ReleaseScriptCaches (1ms)
			RebuildScriptCaches (155ms)
			SetupLoadedEditorAssemblies (1071ms)
				LogAssemblyErrors (0ms)
				InitializePlatformSupportModulesInManaged (11ms)
				SetLoadedEditorAssemblies (0ms)
				RefreshPlugins (172ms)
				BeforeProcessingInitializeOnLoad (219ms)
				ProcessInitializeOnLoadAttributes (644ms)
				ProcessInitializeOnLoadMethodAttributes (12ms)
				AfterProcessingInitializeOnLoad (13ms)
				EditorAssembliesLoaded (0ms)
			ExecutionOrderSort2 (0ms)
			AwakeInstancesAfterBackupRestoration (18ms)
Platform modules already initialized, skipping
========================================================================
Worker process is ready to serve import requests
Launched and connected shader compiler UnityShaderCompiler.exe after 0.21 seconds
Refreshing native plugins compatible for Editor in 1.37 ms, found 2 plugins.
Preloading 0 native plugins for Editor in 0.00 ms.
Unloading 2754 Unused Serialized files (Serialized files now loaded: 0)
System memory in use before: 129.7 MB.
System memory in use after: 129.9 MB.

Unloading 17 unused Assets to reduce memory usage. Loaded Objects now: 3190.
Total: 15.048200 ms (FindLiveObjects: 0.468900 ms CreateObjectMapping: 2.793000 ms MarkObjects: 11.619300 ms  DeleteObjects: 0.164500 ms)

AssetImportParameters requested are different than current active one (requested -> active):
  custom:framework-win-MediaFoundation: 216162199b28c13a410421893ffa2e32 -> 
  custom:video-decoder-ogg-theora: a1e56fd34408186e4bbccfd4996cb3dc -> 
  custom:container-muxer-webm: aa71ff27fc2769a1b78a27578f13a17b -> 
  custom:container-demuxer-webm: 4f35f7cbe854078d1ac9338744f61a02 -> 
  custom:container-demuxer-ogg: 62fdf1f143b41e24485cea50d1cbac27 -> 
  custom:video-encoder-webm-vp8: eb34c28f22e8b96e1ab97ce403110664 -> 
  custom:video-decoder-webm-vp8: 9c59270c3fd7afecdb556c50c9e8de78 -> 
  custom:audio-decoder-ogg-vorbis: bf7c407c2cedff20999df2af8eb42d56 -> 
  custom:audio-encoder-webm-vorbis: bf7c407c2cedff20999df2af8eb42d56 -> 
========================================================================
Received Import Request.
  path: Assets/Scenes
  artifactKey: Guid(dbdcc4d7b5f96b64e93bdd3475e63a67) Importer(815301076,1909f56bfc062723c751e8b465ee728b)
Start importing Assets/Scenes using Guid(dbdcc4d7b5f96b64e93bdd3475e63a67) Importer(815301076,1909f56bfc062723c751e8b465ee728b)  -> (artifact id: 'df7b83d0cce59ec1c9b9012cbbf88aa2') in 0.031867 seconds 
  Import took 0.043018 seconds .

========================================================================
Received Import Request.
  Time since last request: 0.000209 seconds.
  path: Assets/Scenes/Ville.unity
  artifactKey: Guid(1d00dc4e7bae7484f80d3b6d29165ed8) Importer(815301076,1909f56bfc062723c751e8b465ee728b)
Start importing Assets/Scenes/Ville.unity using Guid(1d00dc4e7bae7484f80d3b6d29165ed8) Importer(815301076,1909f56bfc062723c751e8b465ee728b)  -> (artifact id: '9ddad8f4f8e01dcde8bf1a1941f52b58') in 0.039605 seconds 
  Import took 0.053050 seconds .

========================================================================
Received Prepare
Registering precompiled user dll's ...
Registered in 0.020063 seconds.
Begin MonoManager ReloadAssembly
Native extension for WindowsStandalone target not found
Refreshing native plugins compatible for Editor in 2.28 ms, found 2 plugins.
Preloading 0 native plugins for Editor in 0.00 ms.
Mono: successfully reloaded assembly
- Completed reload, in  3.100 seconds
Domain Reload Profiling:
	ReloadAssembly (3101ms)
		BeginReloadAssembly (376ms)
			ExecutionOrderSort (0ms)
			DisableScriptedObjects (17ms)
			BackupInstance (0ms)
			ReleaseScriptingObjects (0ms)
			CreateAndSetChildDomain (115ms)
		EndReloadAssembly (2504ms)
			LoadAssemblies (318ms)
			RebuildTransferFunctionScriptingTraits (0ms)
			SetupTypeCache (930ms)
			ReleaseScriptCaches (13ms)
			RebuildScriptCaches (256ms)
			SetupLoadedEditorAssemblies (689ms)
				LogAssemblyErrors (0ms)
				InitializePlatformSupportModulesInManaged (10ms)
				SetLoadedEditorAssemblies (1ms)
				RefreshPlugins (2ms)
				BeforeProcessingInitializeOnLoad (191ms)
				ProcessInitializeOnLoadAttributes (456ms)
				ProcessInitializeOnLoadMethodAttributes (9ms)
				AfterProcessingInitializeOnLoad (18ms)
				EditorAssembliesLoaded (1ms)
			ExecutionOrderSort2 (0ms)
			AwakeInstancesAfterBackupRestoration (21ms)
Platform modules already initialized, skipping
Refreshing native plugins compatible for Editor in 0.85 ms, found 2 plugins.
Preloading 0 native plugins for Editor in 0.00 ms.
Unloading 2630 Unused Serialized files (Serialized files now loaded: 0)
System memory in use before: 121.0 MB.
System memory in use after: 121.3 MB.

Unloading 12 unused Assets to reduce memory usage. Loaded Objects now: 3192.
Total: 5.812700 ms (FindLiveObjects: 0.343700 ms CreateObjectMapping: 0.216300 ms MarkObjects: 5.213100 ms  DeleteObjects: 0.037700 ms)

AssetImportParameters requested are different than current active one (requested -> active):
  custom:framework-win-MediaFoundation: 216162199b28c13a410421893ffa2e32 -> 
  custom:video-decoder-ogg-theora: a1e56fd34408186e4bbccfd4996cb3dc -> 
  custom:container-muxer-webm: aa71ff27fc2769a1b78a27578f13a17b -> 
  custom:container-demuxer-webm: 4f35f7cbe854078d1ac9338744f61a02 -> 
  custom:container-demuxer-ogg: 62fdf1f143b41e24485cea50d1cbac27 -> 
  custom:video-encoder-webm-vp8: eb34c28f22e8b96e1ab97ce403110664 -> 
  custom:video-decoder-webm-vp8: 9c59270c3fd7afecdb556c50c9e8de78 -> 
  custom:audio-decoder-ogg-vorbis: bf7c407c2cedff20999df2af8eb42d56 -> 
  custom:audio-encoder-webm-vorbis: bf7c407c2cedff20999df2af8eb42d56 -> 
========================================================================
Received Import Request.
  Time since last request: 94.369246 seconds.
  path: Assets/Player/BattleRoyaleDuoPAPBR
  artifactKey: Guid(c0c961361a2cb644583f23b35bb50e25) Importer(815301076,1909f56bfc062723c751e8b465ee728b)
Start importing Assets/Player/BattleRoyaleDuoPAPBR using Guid(c0c961361a2cb644583f23b35bb50e25) Importer(815301076,1909f56bfc062723c751e8b465ee728b)  -> (artifact id: 'a1969c550c4384b6815aac6a1a89f2bd') in 0.071328 seconds 
  Import took 0.102660 seconds .

========================================================================
Received Import Request.
  Time since last request: 0.979548 seconds.
  path: Assets/Player/BattleRoyaleDuoPAPBR/Animator
  artifactKey: Guid(b4cc49b986e21a144a42b8e6316beb00) Importer(815301076,1909f56bfc062723c751e8b465ee728b)
Start importing Assets/Player/BattleRoyaleDuoPAPBR/Animator using Guid(b4cc49b986e21a144a42b8e6316beb00) Importer(815301076,1909f56bfc062723c751e8b465ee728b)  -> (artifact id: '85d1b946cdb6b67d3a828ee2792a3836') in 0.038990 seconds 
  Import took 0.070558 seconds .

========================================================================
Received Import Request.
  Time since last request: 0.912740 seconds.
  path: Assets/Player/BattleRoyaleDuoPAPBR/Animator/PistolAnimator.controller
  artifactKey: Guid(ae5e3958134aac043a68fb451b99908b) Importer(815301076,1909f56bfc062723c751e8b465ee728b)
Start importing Assets/Player/BattleRoyaleDuoPAPBR/Animator/PistolAnimator.controller using Guid(ae5e3958134aac043a68fb451b99908b) Importer(815301076,1909f56bfc062723c751e8b465ee728b)  -> (artifact id: 'b6d464a8aa6b57f52c69cb3af8713111') in 0.528973 seconds 
  Import took 0.588962 seconds .

========================================================================
Received Import Request.
  Time since last request: 0.000561 seconds.
  path: Assets/Player/BattleRoyaleDuoPAPBR/Animator/AssaultRifleAnimator.controller
  artifactKey: Guid(f995ccec4eb03694d8b4fd525e26bccc) Importer(815301076,1909f56bfc062723c751e8b465ee728b)
Start importing Assets/Player/BattleRoyaleDuoPAPBR/Animator/AssaultRifleAnimator.controller using Guid(f995ccec4eb03694d8b4fd525e26bccc) Importer(815301076,1909f56bfc062723c751e8b465ee728b)  -> (artifact id: '7e00eacf0bab52620f6c401b758f70fd') in 0.207699 seconds 
  Import took 0.230394 seconds .

========================================================================
Received Import Request.
  Time since last request: 56.073538 seconds.
  path: Assets/Player/BattleRoyaleDuoPAPBR/Animation/AssaultRifleStance/IdleBattle01_AR_Anim.fbx
  artifactKey: Guid(4776605c5590382478ca05fa3a5e1803) Importer(815301076,1909f56bfc062723c751e8b465ee728b)
Start importing Assets/Player/BattleRoyaleDuoPAPBR/Animation/AssaultRifleStance/IdleBattle01_AR_Anim.fbx using Guid(4776605c5590382478ca05fa3a5e1803) Importer(815301076,1909f56bfc062723c751e8b465ee728b)  -> (artifact id: '2e82d3f6df04111fe3ba4a3ccfccff01') in 2.380702 seconds 
  Import took 2.406780 seconds .

========================================================================
Received Import Request.
  Time since last request: 0.000463 seconds.
  path: Assets/Player/BattleRoyaleDuoPAPBR/Animation/AssaultRifleStance/Reloading_AR_Anim.fbx
  artifactKey: Guid(d6cece2fa022c07428fe9842aa276f3f) Importer(815301076,1909f56bfc062723c751e8b465ee728b)
Start importing Assets/Player/BattleRoyaleDuoPAPBR/Animation/AssaultRifleStance/Reloading_AR_Anim.fbx using Guid(d6cece2fa022c07428fe9842aa276f3f) Importer(815301076,1909f56bfc062723c751e8b465ee728b)  -> (artifact id: '4ace58586e585fefc153ba11c912b87a') in 0.142276 seconds 
  Import took 0.155648 seconds .

========================================================================
Received Import Request.
  Time since last request: 0.000433 seconds.
  path: Assets/Player/BattleRoyaleDuoPAPBR/Animation/AssaultRifleStance/DashRight_AR_Anim.fbx
  artifactKey: Guid(0cf525460d0fdcf4ab6dc79af46e16be) Importer(815301076,1909f56bfc062723c751e8b465ee728b)
Start importing Assets/Player/BattleRoyaleDuoPAPBR/Animation/AssaultRifleStance/DashRight_AR_Anim.fbx using Guid(0cf525460d0fdcf4ab6dc79af46e16be) Importer(815301076,1909f56bfc062723c751e8b465ee728b)  -> (artifact id: '14fb5a5d608d917663a3e339f492059c') in 0.138775 seconds 
  Import took 0.155319 seconds .

========================================================================
Received Import Request.
  Time since last request: 0.000538 seconds.
  path: Assets/Player/BattleRoyaleDuoPAPBR/Animation/AssaultRifleStance/IdleNormal01_AR_Anim.fbx
  artifactKey: Guid(1710421ba2cde9740b32e06c943f1bec) Importer(815301076,1909f56bfc062723c751e8b465ee728b)
Start importing Assets/Player/BattleRoyaleDuoPAPBR/Animation/AssaultRifleStance/IdleNormal01_AR_Anim.fbx using Guid(1710421ba2cde9740b32e06c943f1bec) Importer(815301076,1909f56bfc062723c751e8b465ee728b)  -> (artifact id: 'b6346ac64d789f9e2b5e5d7257c6bc5a') in 0.156915 seconds 
  Import took 0.171114 seconds .

========================================================================
Received Import Request.
  Time since last request: 0.000403 seconds.
  path: Assets/Player/BattleRoyaleDuoPAPBR/Animation/AssaultRifleStance/RunRight_RM_AR_Anim.fbx
  artifactKey: Guid(2479ee107aee81d4bb78d78ad3d2c23f) Importer(815301076,1909f56bfc062723c751e8b465ee728b)
Start importing Assets/Player/BattleRoyaleDuoPAPBR/Animation/AssaultRifleStance/RunRight_RM_AR_Anim.fbx using Guid(2479ee107aee81d4bb78d78ad3d2c23f) Importer(815301076,1909f56bfc062723c751e8b465ee728b)  -> (artifact id: '5a3df6d13f76da43ee60d29b7f904059') in 0.099436 seconds 
  Import took 0.109802 seconds .

========================================================================
Received Import Request.
  Time since last request: 0.000409 seconds.
  path: Assets/Player/BattleRoyaleDuoPAPBR/Animation/AssaultRifleStance/Die_AR_Anim.fbx
  artifactKey: Guid(32bacd17c736a25499e5fd8c37b7e184) Importer(815301076,1909f56bfc062723c751e8b465ee728b)
Start importing Assets/Player/BattleRoyaleDuoPAPBR/Animation/AssaultRifleStance/Die_AR_Anim.fbx using Guid(32bacd17c736a25499e5fd8c37b7e184) Importer(815301076,1909f56bfc062723c751e8b465ee728b)  -> (artifact id: '2e349c37041fccb7c7b35c4d6338a7a4') in 0.106233 seconds 
  Import took 0.117255 seconds .

========================================================================
Received Import Request.
  Time since last request: 0.000521 seconds.
  path: Assets/Player/BattleRoyaleDuoPAPBR/Animation/AssaultRifleStance/JumpEnd_AR_Anim.fbx
  artifactKey: Guid(07a7e453388b1334487f82a10e17c971) Importer(815301076,1909f56bfc062723c751e8b465ee728b)
Start importing Assets/Player/BattleRoyaleDuoPAPBR/Animation/AssaultRifleStance/JumpEnd_AR_Anim.fbx using Guid(07a7e453388b1334487f82a10e17c971) Importer(815301076,1909f56bfc062723c751e8b465ee728b)  -> (artifact id: 'ff6d9801e9ce2adb38807f2851c13b42') in 0.098831 seconds 
  Import took 0.113795 seconds .

========================================================================
Received Import Request.
  Time since last request: 0.000416 seconds.
  path: Assets/Player/BattleRoyaleDuoPAPBR/Animation/AssaultRifleStance/ShootSingleshot_AR_Anim.fbx
  artifactKey: Guid(c7815796c0403034892dc2141e431e86) Importer(815301076,1909f56bfc062723c751e8b465ee728b)
Start importing Assets/Player/BattleRoyaleDuoPAPBR/Animation/AssaultRifleStance/ShootSingleshot_AR_Anim.fbx using Guid(c7815796c0403034892dc2141e431e86) Importer(815301076,1909f56bfc062723c751e8b465ee728b)  -> (artifact id: '1b60e917e66b267f503beb9e6333bb6d') in 0.162610 seconds 
  Import took 0.187671 seconds .

========================================================================
Received Import Request.
  Time since last request: 0.000384 seconds.
  path: Assets/Player/BattleRoyaleDuoPAPBR/Animation/AssaultRifleStance/RollFWD_AR_Anim.fbx
  artifactKey: Guid(9b5a4b0ca2265d744ad196af3b0b622a) Importer(815301076,1909f56bfc062723c751e8b465ee728b)
Start importing Assets/Player/BattleRoyaleDuoPAPBR/Animation/AssaultRifleStance/RollFWD_AR_Anim.fbx using Guid(9b5a4b0ca2265d744ad196af3b0b622a) Importer(815301076,1909f56bfc062723c751e8b465ee728b)  -> (artifact id: 'e07bb1486f9aba7bd6966711168f227b') in 0.188566 seconds 
  Import took 0.213110 seconds .

========================================================================
Received Import Request.
  Time since last request: 0.000396 seconds.
  path: Assets/Player/BattleRoyaleDuoPAPBR/Animation/AssaultRifleStance/DashFWD_AR_Anim.fbx
  artifactKey: Guid(77d5acb90e317c64e84333c3229e73c8) Importer(815301076,1909f56bfc062723c751e8b465ee728b)
Start importing Assets/Player/BattleRoyaleDuoPAPBR/Animation/AssaultRifleStance/DashFWD_AR_Anim.fbx using Guid(77d5acb90e317c64e84333c3229e73c8) Importer(815301076,1909f56bfc062723c751e8b465ee728b)  -> (artifact id: '979d054f4da9b984d928c1a1f0a420f7') in 0.174493 seconds 
  Import took 0.210161 seconds .

========================================================================
Received Import Request.
  Time since last request: 0.000874 seconds.
  path: Assets/Player/BattleRoyaleDuoPAPBR/Animation/AssaultRifleStance/GetHit02_AR_Anim.fbx
  artifactKey: Guid(c7b7b247d9360b644bc788ee3fde96d0) Importer(815301076,1909f56bfc062723c751e8b465ee728b)
Start importing Assets/Player/BattleRoyaleDuoPAPBR/Animation/AssaultRifleStance/GetHit02_AR_Anim.fbx using Guid(c7b7b247d9360b644bc788ee3fde96d0) Importer(815301076,1909f56bfc062723c751e8b465ee728b)  -> (artifact id: 'f430dd5c6fc27be58b179356e57b725f') in 0.113979 seconds 
  Import took 0.124393 seconds .

========================================================================
Received Import Request.
  Time since last request: 0.000410 seconds.
  path: Assets/Player/BattleRoyaleDuoPAPBR/Animation/AssaultRifleStance/RunBWD_AR_Anim.fbx
  artifactKey: Guid(6057230fa54d24348beb70d65eea7e8e) Importer(815301076,1909f56bfc062723c751e8b465ee728b)
Start importing Assets/Player/BattleRoyaleDuoPAPBR/Animation/AssaultRifleStance/RunBWD_AR_Anim.fbx using Guid(6057230fa54d24348beb70d65eea7e8e) Importer(815301076,1909f56bfc062723c751e8b465ee728b)  -> (artifact id: '63c2393c55f622f46b8df412922521d9') in 0.089448 seconds 
  Import took 0.104836 seconds .

========================================================================
Received Import Request.
  Time since last request: 0.000404 seconds.
  path: Assets/Player/BattleRoyaleDuoPAPBR/Animation/AssaultRifleStance/RunBWD_RM_AR_Anim.fbx
  artifactKey: Guid(447363f924864b640b9d200adc057893) Importer(815301076,1909f56bfc062723c751e8b465ee728b)
Start importing Assets/Player/BattleRoyaleDuoPAPBR/Animation/AssaultRifleStance/RunBWD_RM_AR_Anim.fbx using Guid(447363f924864b640b9d200adc057893) Importer(815301076,1909f56bfc062723c751e8b465ee728b)  -> (artifact id: 'bcc4b2e90df3bb74542e92224c1507ad') in 0.089476 seconds 
  Import took 0.098744 seconds .

========================================================================
Received Import Request.
  Time since last request: 0.000430 seconds.
  path: Assets/Player/BattleRoyaleDuoPAPBR/Animation/AssaultRifleStance/ShootAutoshot_AR_Anim.fbx
  artifactKey: Guid(3b8230457e8544f48aadc4043951bf47) Importer(815301076,1909f56bfc062723c751e8b465ee728b)
Start importing Assets/Player/BattleRoyaleDuoPAPBR/Animation/AssaultRifleStance/ShootAutoshot_AR_Anim.fbx using Guid(3b8230457e8544f48aadc4043951bf47) Importer(815301076,1909f56bfc062723c751e8b465ee728b)  -> (artifact id: 'b774bb22071aab258b7c2eabd4faba80') in 0.090750 seconds 
  Import took 0.102305 seconds .

========================================================================
Received Import Request.
  Time since last request: 0.000388 seconds.
  path: Assets/Player/BattleRoyaleDuoPAPBR/Animation/AssaultRifleStance/DashBWD_RM_AR_Anim.fbx
  artifactKey: Guid(85ae54816ebb5874186a0762faa46ce9) Importer(815301076,1909f56bfc062723c751e8b465ee728b)
Start importing Assets/Player/BattleRoyaleDuoPAPBR/Animation/AssaultRifleStance/DashBWD_RM_AR_Anim.fbx using Guid(85ae54816ebb5874186a0762faa46ce9) Importer(815301076,1909f56bfc062723c751e8b465ee728b)  -> (artifact id: 'c2f22a72a9897a710a7baea96179bd8d') in 0.126528 seconds 
  Import took 0.136514 seconds .

========================================================================
Received Import Request.
  Time since last request: 0.001044 seconds.
  path: Assets/Player/BattleRoyaleDuoPAPBR/Animation/AssaultRifleStance/JumpStart_AR_Anim.fbx
  artifactKey: Guid(7f381b92414a1574d9acdfd895bedd5f) Importer(815301076,1909f56bfc062723c751e8b465ee728b)
Start importing Assets/Player/BattleRoyaleDuoPAPBR/Animation/AssaultRifleStance/JumpStart_AR_Anim.fbx using Guid(7f381b92414a1574d9acdfd895bedd5f) Importer(815301076,1909f56bfc062723c751e8b465ee728b)  -> (artifact id: 'f2b8a94ce956bf248822c275f99b8964') in 0.136387 seconds 
  Import took 0.152129 seconds .

========================================================================
Received Import Request.
  Time since last request: 0.000438 seconds.
  path: Assets/Player/BattleRoyaleDuoPAPBR/Animation/AssaultRifleStance/RunFWD_AR_Anim.fbx
  artifactKey: Guid(e528a7de1de6347448478cbca00da77d) Importer(815301076,1909f56bfc062723c751e8b465ee728b)
Start importing Assets/Player/BattleRoyaleDuoPAPBR/Animation/AssaultRifleStance/RunFWD_AR_Anim.fbx using Guid(e528a7de1de6347448478cbca00da77d) Importer(815301076,1909f56bfc062723c751e8b465ee728b)  -> (artifact id: 'b47b046b8289f43f814b8127add3c6da') in 0.117625 seconds 
  Import took 0.134198 seconds .

========================================================================
Received Import Request.
  Time since last request: 0.000329 seconds.
  path: Assets/Player/BattleRoyaleDuoPAPBR/Animation/AssaultRifleStance/DashLeft_RM_AR_Anim.fbx
  artifactKey: Guid(8c0d58aa4a285b14ea860c46a7d3c896) Importer(815301076,1909f56bfc062723c751e8b465ee728b)
Start importing Assets/Player/BattleRoyaleDuoPAPBR/Animation/AssaultRifleStance/DashLeft_RM_AR_Anim.fbx using Guid(8c0d58aa4a285b14ea860c46a7d3c896) Importer(815301076,1909f56bfc062723c751e8b465ee728b)  -> (artifact id: '612e2ac041ea992fe353aab4d02c73d4') in 0.106319 seconds 
  Import took 0.118491 seconds .

========================================================================
Received Import Request.
  Time since last request: 0.000506 seconds.
  path: Assets/Player/BattleRoyaleDuoPAPBR/Animation/AssaultRifleStance/PowerUP_AR_Anim.fbx
  artifactKey: Guid(893b65416cc4cef4b8deb73e7a4e2ff3) Importer(815301076,1909f56bfc062723c751e8b465ee728b)
Start importing Assets/Player/BattleRoyaleDuoPAPBR/Animation/AssaultRifleStance/PowerUP_AR_Anim.fbx using Guid(893b65416cc4cef4b8deb73e7a4e2ff3) Importer(815301076,1909f56bfc062723c751e8b465ee728b)  -> (artifact id: '5a9f751a7de3dca79971645dc2d9badc') in 0.088734 seconds 
  Import took 0.099391 seconds .

========================================================================
Received Import Request.
  Time since last request: 0.000403 seconds.
  path: Assets/Player/BattleRoyaleDuoPAPBR/Animation/AssaultRifleStance/RollLeft_AR_Anim.fbx
  artifactKey: Guid(f682a1aab71f669498f83eca508939c4) Importer(815301076,1909f56bfc062723c751e8b465ee728b)
Start importing Assets/Player/BattleRoyaleDuoPAPBR/Animation/AssaultRifleStance/RollLeft_AR_Anim.fbx using Guid(f682a1aab71f669498f83eca508939c4) Importer(815301076,1909f56bfc062723c751e8b465ee728b)  -> (artifact id: '8c0b507ae4c2dc39580d3842c1a10955') in 0.098310 seconds 
  Import took 0.116188 seconds .

========================================================================
Received Import Request.
  Time since last request: 0.000353 seconds.
  path: Assets/Player/BattleRoyaleDuoPAPBR/Animation/AssaultRifleStance/RollRight_AR_Anim.fbx
  artifactKey: Guid(01086f663f335244c9fb7b5803ff8dbd) Importer(815301076,1909f56bfc062723c751e8b465ee728b)
Start importing Assets/Player/BattleRoyaleDuoPAPBR/Animation/AssaultRifleStance/RollRight_AR_Anim.fbx using Guid(01086f663f335244c9fb7b5803ff8dbd) Importer(815301076,1909f56bfc062723c751e8b465ee728b)  -> (artifact id: 'e96c570c5243c3d36b2fc75d57c821ee') in 0.093599 seconds 
  Import took 0.104823 seconds .

========================================================================
Received Import Request.
  Time since last request: 0.000409 seconds.
  path: Assets/Player/BattleRoyaleDuoPAPBR/Animation/AssaultRifleStance/RollLeft_RM_AR_Anim.fbx
  artifactKey: Guid(884575c811509864b98c1ca848615ab1) Importer(815301076,1909f56bfc062723c751e8b465ee728b)
Start importing Assets/Player/BattleRoyaleDuoPAPBR/Animation/AssaultRifleStance/RollLeft_RM_AR_Anim.fbx using Guid(884575c811509864b98c1ca848615ab1) Importer(815301076,1909f56bfc062723c751e8b465ee728b)  -> (artifact id: '10333049ed901c379f7c776acf13d56d') in 0.195914 seconds 
  Import took 0.207954 seconds .

========================================================================
Received Import Request.
  Time since last request: 0.000465 seconds.
  path: Assets/Player/BattleRoyaleDuoPAPBR/Animation/AssaultRifleStance/VictoryRepeat_AR_Anim.fbx
  artifactKey: Guid(a5273d0963d9a644fb1e2b157fe0004b) Importer(815301076,1909f56bfc062723c751e8b465ee728b)
Start importing Assets/Player/BattleRoyaleDuoPAPBR/Animation/AssaultRifleStance/VictoryRepeat_AR_Anim.fbx using Guid(a5273d0963d9a644fb1e2b157fe0004b) Importer(815301076,1909f56bfc062723c751e8b465ee728b)  -> (artifact id: 'b36487863f53a85dc6aac990a2b89283') in 0.125979 seconds 
  Import took 0.139461 seconds .

========================================================================
Received Import Request.
  Time since last request: 0.000339 seconds.
  path: Assets/Player/BattleRoyaleDuoPAPBR/Animation/AssaultRifleStance/AimOffsetUp_AR_Anim.fbx
  artifactKey: Guid(2a510d6a5e727914f9956888f1741f09) Importer(815301076,1909f56bfc062723c751e8b465ee728b)
Start importing Assets/Player/BattleRoyaleDuoPAPBR/Animation/AssaultRifleStance/AimOffsetUp_AR_Anim.fbx using Guid(2a510d6a5e727914f9956888f1741f09) Importer(815301076,1909f56bfc062723c751e8b465ee728b)  -> (artifact id: '84aaa80d6e4810e088b1a71642d5b58c') in 0.105782 seconds 
  Import took 0.118700 seconds .

========================================================================
Received Import Request.
  Time since last request: 0.000335 seconds.
  path: Assets/Player/BattleRoyaleDuoPAPBR/Animation/AssaultRifleStance/Jump_AR_Anim.fbx
  artifactKey: Guid(f8f0f42d295647c4d81dd888038d9db3) Importer(815301076,1909f56bfc062723c751e8b465ee728b)
Start importing Assets/Player/BattleRoyaleDuoPAPBR/Animation/AssaultRifleStance/Jump_AR_Anim.fbx using Guid(f8f0f42d295647c4d81dd888038d9db3) Importer(815301076,1909f56bfc062723c751e8b465ee728b)  -> (artifact id: '18b08e817a3e975762c7780cb3e601bb') in 0.101181 seconds 
  Import took 0.126346 seconds .

========================================================================
Received Import Request.
  Time since last request: 0.001681 seconds.
  path: Assets/Player/BattleRoyaleDuoPAPBR/Animation/AssaultRifleStance/DashLeft_AR_Anim.fbx
  artifactKey: Guid(e617c7777a9b1ac468aa396dfe481547) Importer(815301076,1909f56bfc062723c751e8b465ee728b)
Start importing Assets/Player/BattleRoyaleDuoPAPBR/Animation/AssaultRifleStance/DashLeft_AR_Anim.fbx using Guid(e617c7777a9b1ac468aa396dfe481547) Importer(815301076,1909f56bfc062723c751e8b465ee728b)  -> (artifact id: '0e11aee02641f94cc5d05d5f83979d52') in 0.120797 seconds 
  Import took 0.131156 seconds .

========================================================================
Received Import Request.
  Time since last request: 0.002114 seconds.
  path: Assets/Player/BattleRoyaleDuoPAPBR/Animation/AssaultRifleStance/RunLeft_RM_AR_Anim.fbx
  artifactKey: Guid(7879b49ba6913d54cb127c28edf06c82) Importer(815301076,1909f56bfc062723c751e8b465ee728b)
Start importing Assets/Player/BattleRoyaleDuoPAPBR/Animation/AssaultRifleStance/RunLeft_RM_AR_Anim.fbx using Guid(7879b49ba6913d54cb127c28edf06c82) Importer(815301076,1909f56bfc062723c751e8b465ee728b)  -> (artifact id: '52faee01d320fe2a9f39095d09c57060') in 0.111876 seconds 
  Import took 0.133299 seconds .

========================================================================
Received Import Request.
  Time since last request: 0.000306 seconds.
  path: Assets/Player/BattleRoyaleDuoPAPBR/Animation/AssaultRifleStance/ShootChargeshot_AR_Anim.fbx
  artifactKey: Guid(0a72c03631e56674194ec8845ff5de44) Importer(815301076,1909f56bfc062723c751e8b465ee728b)
Start importing Assets/Player/BattleRoyaleDuoPAPBR/Animation/AssaultRifleStance/ShootChargeshot_AR_Anim.fbx using Guid(0a72c03631e56674194ec8845ff5de44) Importer(815301076,1909f56bfc062723c751e8b465ee728b)  -> (artifact id: 'a96e01cd1daff03eda7e8569ac1828ae') in 0.182484 seconds 
  Import took 0.211384 seconds .

========================================================================
Received Import Request.
  Time since last request: 0.000364 seconds.
  path: Assets/Player/BattleRoyaleDuoPAPBR/Animation/AssaultRifleStance/AimOffsetDown_AR_Anim.fbx
  artifactKey: Guid(24fdd14d8812d594ab8e8c016a5d6a79) Importer(815301076,1909f56bfc062723c751e8b465ee728b)
Start importing Assets/Player/BattleRoyaleDuoPAPBR/Animation/AssaultRifleStance/AimOffsetDown_AR_Anim.fbx using Guid(24fdd14d8812d594ab8e8c016a5d6a79) Importer(815301076,1909f56bfc062723c751e8b465ee728b)  -> (artifact id: '53f52cf640ef9f74ad489faf26b463f9') in 0.139808 seconds 
  Import took 0.156524 seconds .

========================================================================
Received Import Request.
  Time since last request: 0.000295 seconds.
  path: Assets/Player/BattleRoyaleDuoPAPBR/Animation/AssaultRifleStance/Dizzy_AR_Anim.fbx
  artifactKey: Guid(98c72f39b2d91094880c7739563dfaf3) Importer(815301076,1909f56bfc062723c751e8b465ee728b)
Start importing Assets/Player/BattleRoyaleDuoPAPBR/Animation/AssaultRifleStance/Dizzy_AR_Anim.fbx using Guid(98c72f39b2d91094880c7739563dfaf3) Importer(815301076,1909f56bfc062723c751e8b465ee728b)  -> (artifact id: '5cae5b278f1af26ec5a85681e5926ffe') in 0.140865 seconds 
  Import took 0.167967 seconds .

========================================================================
Received Import Request.
  Time since last request: 0.000335 seconds.
  path: Assets/Player/BattleRoyaleDuoPAPBR/Animation/AssaultRifleStance/RollFWD_RM_AR_Anim.fbx
  artifactKey: Guid(41baf4885787ef140bfbaabfa94f3ec7) Importer(815301076,1909f56bfc062723c751e8b465ee728b)
Start importing Assets/Player/BattleRoyaleDuoPAPBR/Animation/AssaultRifleStance/RollFWD_RM_AR_Anim.fbx using Guid(41baf4885787ef140bfbaabfa94f3ec7) Importer(815301076,1909f56bfc062723c751e8b465ee728b)  -> (artifact id: '4824a6a1a4ef14dd2b717e6ef4882b23') in 0.123041 seconds 
  Import took 0.136390 seconds .

========================================================================
Received Import Request.
  Time since last request: 0.000294 seconds.
  path: Assets/Player/BattleRoyaleDuoPAPBR/Animation/AssaultRifleStance/DashRight_RM_AR_Anim.fbx
  artifactKey: Guid(32cfab2ab7f712b43b27aed3744286be) Importer(815301076,1909f56bfc062723c751e8b465ee728b)
Start importing Assets/Player/BattleRoyaleDuoPAPBR/Animation/AssaultRifleStance/DashRight_RM_AR_Anim.fbx using Guid(32cfab2ab7f712b43b27aed3744286be) Importer(815301076,1909f56bfc062723c751e8b465ee728b)  -> (artifact id: 'f67c21248d68557154ffd5ee336d697c') in 0.082255 seconds 
  Import took 0.098270 seconds .

========================================================================
Received Import Request.
  Time since last request: 0.000649 seconds.
  path: Assets/Player/BattleRoyaleDuoPAPBR/Animation/AssaultRifleStance/RunRight_AR_Anim.fbx
  artifactKey: Guid(5ae035f326396d94e992ea6b21002438) Importer(815301076,1909f56bfc062723c751e8b465ee728b)
Start importing Assets/Player/BattleRoyaleDuoPAPBR/Animation/AssaultRifleStance/RunRight_AR_Anim.fbx using Guid(5ae035f326396d94e992ea6b21002438) Importer(815301076,1909f56bfc062723c751e8b465ee728b)  -> (artifact id: '53581c4f2501e4acdcf9cf9ac2379c4d') in 0.084077 seconds 
  Import took 0.098097 seconds .

========================================================================
Received Import Request.
  Time since last request: 0.000251 seconds.
  path: Assets/Player/BattleRoyaleDuoPAPBR/Animation/AssaultRifleStance/RunFWD_RM_AR_Anim.fbx
  artifactKey: Guid(884f656ba71069445bf8810ea77bfd60) Importer(815301076,1909f56bfc062723c751e8b465ee728b)
Start importing Assets/Player/BattleRoyaleDuoPAPBR/Animation/AssaultRifleStance/RunFWD_RM_AR_Anim.fbx using Guid(884f656ba71069445bf8810ea77bfd60) Importer(815301076,1909f56bfc062723c751e8b465ee728b)  -> (artifact id: '24e334df9b31c1679581bdf93ff3c0bd') in 0.077881 seconds 
  Import took 0.086244 seconds .

========================================================================
Received Import Request.
  Time since last request: 0.000314 seconds.
  path: Assets/Player/BattleRoyaleDuoPAPBR/Animation/AssaultRifleStance/ShootSustainshot_AR_Anim.fbx
  artifactKey: Guid(590203430aa34d547b584114c9035140) Importer(815301076,1909f56bfc062723c751e8b465ee728b)
Start importing Assets/Player/BattleRoyaleDuoPAPBR/Animation/AssaultRifleStance/ShootSustainshot_AR_Anim.fbx using Guid(590203430aa34d547b584114c9035140) Importer(815301076,1909f56bfc062723c751e8b465ee728b)  -> (artifact id: '9c67e237cf1b9784730a768a528a64b2') in 0.067380 seconds 
  Import took 0.079849 seconds .

========================================================================
Received Import Request.
  Time since last request: 0.000812 seconds.
  path: Assets/Player/BattleRoyaleDuoPAPBR/Animation/AssaultRifleStance/Knockdown_AR_Anim.fbx
  artifactKey: Guid(478bc62f21ba5d04f82baf5accc5956a) Importer(815301076,1909f56bfc062723c751e8b465ee728b)
Start importing Assets/Player/BattleRoyaleDuoPAPBR/Animation/AssaultRifleStance/Knockdown_AR_Anim.fbx using Guid(478bc62f21ba5d04f82baf5accc5956a) Importer(815301076,1909f56bfc062723c751e8b465ee728b)  -> (artifact id: '421b982c1e8c75178353871759c32f82') in 0.070066 seconds 
  Import took 0.097725 seconds .

========================================================================
Received Import Request.
  Time since last request: 0.000339 seconds.
  path: Assets/Player/BattleRoyaleDuoPAPBR/Animation/AssaultRifleStance/IdleNormal02_AR_Anim.fbx
  artifactKey: Guid(7bb3378c264f0d9458cab8b7d744ed9a) Importer(815301076,1909f56bfc062723c751e8b465ee728b)
Start importing Assets/Player/BattleRoyaleDuoPAPBR/Animation/AssaultRifleStance/IdleNormal02_AR_Anim.fbx using Guid(7bb3378c264f0d9458cab8b7d744ed9a) Importer(815301076,1909f56bfc062723c751e8b465ee728b)  -> (artifact id: '49b7acb9c39ddfd2123ec9063e11ea2c') in 0.073284 seconds 
  Import took 0.080172 seconds .

========================================================================
Received Import Request.
  Time since last request: 0.000419 seconds.
  path: Assets/Player/BattleRoyaleDuoPAPBR/Animation/AssaultRifleStance/GetHit01_AR_Anim.fbx
  artifactKey: Guid(0fef4b0648503a245bd9aa917cccc3c6) Importer(815301076,1909f56bfc062723c751e8b465ee728b)
Start importing Assets/Player/BattleRoyaleDuoPAPBR/Animation/AssaultRifleStance/GetHit01_AR_Anim.fbx using Guid(0fef4b0648503a245bd9aa917cccc3c6) Importer(815301076,1909f56bfc062723c751e8b465ee728b)  -> (artifact id: '3a712ee988c6c9dec54f61f6afb8c3b7') in 0.067627 seconds 
  Import took 0.074244 seconds .

========================================================================
Received Import Request.
  Time since last request: 0.000778 seconds.
  path: Assets/Player/BattleRoyaleDuoPAPBR/Animation/AssaultRifleStance/VictoryNormal_AR_Anim.fbx
  artifactKey: Guid(69c65c0e02e0cfb4ca458d4e499646f9) Importer(815301076,1909f56bfc062723c751e8b465ee728b)
Start importing Assets/Player/BattleRoyaleDuoPAPBR/Animation/AssaultRifleStance/VictoryNormal_AR_Anim.fbx using Guid(69c65c0e02e0cfb4ca458d4e499646f9) Importer(815301076,1909f56bfc062723c751e8b465ee728b)  -> (artifact id: 'a0f9dde7826d950c29ce76cd4352e2e6') in 0.092243 seconds 
  Import took 0.106783 seconds .

========================================================================
Received Import Request.
  Time since last request: 0.000351 seconds.
  path: Assets/Player/BattleRoyaleDuoPAPBR/Animation/AssaultRifleStance/GetUp_AR_Anim.fbx
  artifactKey: Guid(06f0e3e115ea09047b7a503c300ddb59) Importer(815301076,1909f56bfc062723c751e8b465ee728b)
Start importing Assets/Player/BattleRoyaleDuoPAPBR/Animation/AssaultRifleStance/GetUp_AR_Anim.fbx using Guid(06f0e3e115ea09047b7a503c300ddb59) Importer(815301076,1909f56bfc062723c751e8b465ee728b)  -> (artifact id: '838d8fcbcf36c38cfb4df25ddb258e7d') in 0.094813 seconds 
  Import took 0.108079 seconds .

========================================================================
Received Import Request.
  Time since last request: 0.000365 seconds.
  path: Assets/Player/BattleRoyaleDuoPAPBR/Animation/AssaultRifleStance/JumpAir_AR_Anim.fbx
  artifactKey: Guid(74cc8fce42f03de429dc05894ddba4b3) Importer(815301076,1909f56bfc062723c751e8b465ee728b)
Start importing Assets/Player/BattleRoyaleDuoPAPBR/Animation/AssaultRifleStance/JumpAir_AR_Anim.fbx using Guid(74cc8fce42f03de429dc05894ddba4b3) Importer(815301076,1909f56bfc062723c751e8b465ee728b)  -> (artifact id: '9b5a8c6a118b0dfe4f78250bf3b76954') in 0.091438 seconds 
  Import took 0.101636 seconds .

========================================================================
Received Import Request.
  Time since last request: 0.000326 seconds.
  path: Assets/Player/BattleRoyaleDuoPAPBR/Animation/AssaultRifleStance/RollBWD_AR_Anim.fbx
  artifactKey: Guid(6a3fdff1bbaeab44498bdf552c726146) Importer(815301076,1909f56bfc062723c751e8b465ee728b)
Start importing Assets/Player/BattleRoyaleDuoPAPBR/Animation/AssaultRifleStance/RollBWD_AR_Anim.fbx using Guid(6a3fdff1bbaeab44498bdf552c726146) Importer(815301076,1909f56bfc062723c751e8b465ee728b)  -> (artifact id: 'c5de5d55efe364d4df3f2dc4383158d3') in 0.072570 seconds 
  Import took 0.082960 seconds .

========================================================================
Received Import Request.
  Time since last request: 0.000350 seconds.
  path: Assets/Player/BattleRoyaleDuoPAPBR/Animation/AssaultRifleStance/RollRight_RM_AR_Anim.fbx
  artifactKey: Guid(7abcfb765a2b35048ba21f2523ed22d9) Importer(815301076,1909f56bfc062723c751e8b465ee728b)
Start importing Assets/Player/BattleRoyaleDuoPAPBR/Animation/AssaultRifleStance/RollRight_RM_AR_Anim.fbx using Guid(7abcfb765a2b35048ba21f2523ed22d9) Importer(815301076,1909f56bfc062723c751e8b465ee728b)  -> (artifact id: 'b9f7eeff749dfd2dc4da97223c5ede21') in 0.086079 seconds 
  Import took 0.094964 seconds .

========================================================================
Received Import Request.
  Time since last request: 0.000308 seconds.
  path: Assets/Player/BattleRoyaleDuoPAPBR/Animation/AssaultRifleStance/RunLeft_AR_Anim.fbx
  artifactKey: Guid(65a27c9602fd74e45b7bd379693c3ac1) Importer(815301076,1909f56bfc062723c751e8b465ee728b)
Start importing Assets/Player/BattleRoyaleDuoPAPBR/Animation/AssaultRifleStance/RunLeft_AR_Anim.fbx using Guid(65a27c9602fd74e45b7bd379693c3ac1) Importer(815301076,1909f56bfc062723c751e8b465ee728b)  -> (artifact id: '144e83d4fbee296c50c047292d5115af') in 0.080852 seconds 
  Import took 0.092713 seconds .

========================================================================
Received Import Request.
  Time since last request: 0.000396 seconds.
  path: Assets/Player/BattleRoyaleDuoPAPBR/Animation/AssaultRifleStance/RollBWD_RM_AR_Anim.fbx
  artifactKey: Guid(4fc43570fec9a0541a3e2dc6d86e7244) Importer(815301076,1909f56bfc062723c751e8b465ee728b)
Start importing Assets/Player/BattleRoyaleDuoPAPBR/Animation/AssaultRifleStance/RollBWD_RM_AR_Anim.fbx using Guid(4fc43570fec9a0541a3e2dc6d86e7244) Importer(815301076,1909f56bfc062723c751e8b465ee728b)  -> (artifact id: 'b00ea40cf0714c3954a8400e1ecf247f') in 0.071324 seconds 
  Import took 0.079269 seconds .

========================================================================
Received Import Request.
  Time since last request: 0.000356 seconds.
  path: Assets/Player/BattleRoyaleDuoPAPBR/Animation/AssaultRifleStance/DashBWD_AR_Anim.fbx
  artifactKey: Guid(e95e303f373e41043b2f195b1c9171f1) Importer(815301076,1909f56bfc062723c751e8b465ee728b)
Start importing Assets/Player/BattleRoyaleDuoPAPBR/Animation/AssaultRifleStance/DashBWD_AR_Anim.fbx using Guid(e95e303f373e41043b2f195b1c9171f1) Importer(815301076,1909f56bfc062723c751e8b465ee728b)  -> (artifact id: 'a4b93dcef8fadc7fbb3d5133d4c8749e') in 0.074906 seconds 
  Import took 0.087564 seconds .

========================================================================
Received Import Request.
  Time since last request: 0.000353 seconds.
  path: Assets/Player/BattleRoyaleDuoPAPBR/Animation/AssaultRifleStance/DashFWD_RM_AR_Anim.fbx
  artifactKey: Guid(ace55fcc7c93649488aa5d1ebf20f2b0) Importer(815301076,1909f56bfc062723c751e8b465ee728b)
Start importing Assets/Player/BattleRoyaleDuoPAPBR/Animation/AssaultRifleStance/DashFWD_RM_AR_Anim.fbx using Guid(ace55fcc7c93649488aa5d1ebf20f2b0) Importer(815301076,1909f56bfc062723c751e8b465ee728b)  -> (artifact id: 'f1985a497835f4390823e613701349d4') in 0.079262 seconds 
  Import took 0.087820 seconds .

========================================================================
Received Prepare
Registering precompiled user dll's ...
Registered in 0.012791 seconds.
Begin MonoManager ReloadAssembly
Native extension for WindowsStandalone target not found
Refreshing native plugins compatible for Editor in 1.49 ms, found 2 plugins.
Preloading 0 native plugins for Editor in 0.00 ms.
Mono: successfully reloaded assembly
- Completed reload, in  3.725 seconds
Domain Reload Profiling:
	ReloadAssembly (3726ms)
		BeginReloadAssembly (565ms)
			ExecutionOrderSort (0ms)
			DisableScriptedObjects (30ms)
			BackupInstance (0ms)
			ReleaseScriptingObjects (0ms)
			CreateAndSetChildDomain (119ms)
		EndReloadAssembly (2947ms)
			LoadAssemblies (406ms)
			RebuildTransferFunctionScriptingTraits (0ms)
			SetupTypeCache (1032ms)
			ReleaseScriptCaches (3ms)
			RebuildScriptCaches (134ms)
			SetupLoadedEditorAssemblies (991ms)
				LogAssemblyErrors (0ms)
				InitializePlatformSupportModulesInManaged (11ms)
				SetLoadedEditorAssemblies (1ms)
				RefreshPlugins (2ms)
				BeforeProcessingInitializeOnLoad (188ms)
				ProcessInitializeOnLoadAttributes (757ms)
				ProcessInitializeOnLoadMethodAttributes (11ms)
				AfterProcessingInitializeOnLoad (21ms)
				EditorAssembliesLoaded (1ms)
			ExecutionOrderSort2 (0ms)
			AwakeInstancesAfterBackupRestoration (48ms)
Platform modules already initialized, skipping
Refreshing native plugins compatible for Editor in 2.31 ms, found 2 plugins.
Preloading 0 native plugins for Editor in 0.00 ms.
Unloading 2630 Unused Serialized files (Serialized files now loaded: 0)
System memory in use before: 141.0 MB.
System memory in use after: 141.3 MB.

Unloading 12 unused Assets to reduce memory usage. Loaded Objects now: 3245.
Total: 8.961300 ms (FindLiveObjects: 3.129700 ms CreateObjectMapping: 0.449400 ms MarkObjects: 5.361600 ms  DeleteObjects: 0.019400 ms)

AssetImportParameters requested are different than current active one (requested -> active):
  custom:framework-win-MediaFoundation: 216162199b28c13a410421893ffa2e32 -> 
  custom:video-decoder-ogg-theora: a1e56fd34408186e4bbccfd4996cb3dc -> 
  custom:container-muxer-webm: aa71ff27fc2769a1b78a27578f13a17b -> 
  custom:container-demuxer-webm: 4f35f7cbe854078d1ac9338744f61a02 -> 
  custom:container-demuxer-ogg: 62fdf1f143b41e24485cea50d1cbac27 -> 
  custom:video-encoder-webm-vp8: eb34c28f22e8b96e1ab97ce403110664 -> 
  custom:video-decoder-webm-vp8: 9c59270c3fd7afecdb556c50c9e8de78 -> 
  custom:audio-decoder-ogg-vorbis: bf7c407c2cedff20999df2af8eb42d56 -> 
  custom:audio-encoder-webm-vorbis: bf7c407c2cedff20999df2af8eb42d56 -> 
========================================================================
Received Import Request.
  Time since last request: 164.633169 seconds.
  path: Assets/Scripts
  artifactKey: Guid(02a3527b6b33a924e8ec66aa805ea717) Importer(815301076,1909f56bfc062723c751e8b465ee728b)
Start importing Assets/Scripts using Guid(02a3527b6b33a924e8ec66aa805ea717) Importer(815301076,1909f56bfc062723c751e8b465ee728b)  -> (artifact id: '3d22bec3b2937c29cd085e1506c06094') in 0.037049 seconds 
  Import took 0.050995 seconds .

========================================================================
Received Import Request.
  Time since last request: 37.267086 seconds.
  path: Assets/Player
  artifactKey: Guid(2fe41545a3c7f0b4a9492d15e4dabfef) Importer(815301076,1909f56bfc062723c751e8b465ee728b)
Start importing Assets/Player using Guid(2fe41545a3c7f0b4a9492d15e4dabfef) Importer(815301076,1909f56bfc062723c751e8b465ee728b)  -> (artifact id: 'a028c5bddb27bc570671024c8b899be9') in 0.033997 seconds 
  Import took 0.060412 seconds .

========================================================================
Received Import Request.
  Time since last request: 1.047935 seconds.
  path: Assets/Player/FirstPersonController
  artifactKey: Guid(f37b4faf82d1edb47811f804ec33f9da) Importer(815301076,1909f56bfc062723c751e8b465ee728b)
Start importing Assets/Player/FirstPersonController using Guid(f37b4faf82d1edb47811f804ec33f9da) Importer(815301076,1909f56bfc062723c751e8b465ee728b)  -> (artifact id: '989e7d3cd1048031670c5600f2aa7246') in 0.039896 seconds 
  Import took 0.069739 seconds .

========================================================================
Received Import Request.
  Time since last request: 0.000855 seconds.
  path: Assets/Player/FirstPersonController/FirstPersonController.prefab
  artifactKey: Guid(6bacecc4f3df9584198879c73a6b6c36) Importer(815301076,1909f56bfc062723c751e8b465ee728b)
Start importing Assets/Player/FirstPersonController/FirstPersonController.prefab using Guid(6bacecc4f3df9584198879c73a6b6c36) Importer(815301076,1909f56bfc062723c751e8b465ee728b)  -> (artifact id: 'da1bbad7868d7b94a1c5fc484b8b5656') in 0.700893 seconds 
  Import took 0.746966 seconds .

========================================================================
Received Import Request.
  Time since last request: 0.000526 seconds.
  path: Assets/Player/FirstPersonController/CircleReticle.png
  artifactKey: Guid(be4ce60e2c9768c44b9b10b9c5258045) Importer(815301076,1909f56bfc062723c751e8b465ee728b)
Start importing Assets/Player/FirstPersonController/CircleReticle.png using Guid(be4ce60e2c9768c44b9b10b9c5258045) Importer(815301076,1909f56bfc062723c751e8b465ee728b)  -> (artifact id: '70dbbb0a694b572e74e3967392756472') in 0.163265 seconds 
  Import took 0.177947 seconds .

========================================================================
Received Import Request.
  Time since last request: 4.690364 seconds.
  path: Assets/Player/BattleRoyaleDuoPAPBR/Scripts
  artifactKey: Guid(bcd07cb07478c484594250d23a5e96ac) Importer(815301076,1909f56bfc062723c751e8b465ee728b)
Start importing Assets/Player/BattleRoyaleDuoPAPBR/Scripts using Guid(bcd07cb07478c484594250d23a5e96ac) Importer(815301076,1909f56bfc062723c751e8b465ee728b)  -> (artifact id: 'c582e391a20450af05e468e32f13230b') in 0.018287 seconds 
  Import took 0.042029 seconds .

========================================================================
Received Import Request.
  Time since last request: 1.175926 seconds.
  path: Assets/Player/BattleRoyaleDuoPAPBR/Scripts/player_mov.cs
  artifactKey: Guid(a8c76fde064e9154183097c8a68979ac) Importer(815301076,1909f56bfc062723c751e8b465ee728b)
Start importing Assets/Player/BattleRoyaleDuoPAPBR/Scripts/player_mov.cs using Guid(a8c76fde064e9154183097c8a68979ac) Importer(815301076,1909f56bfc062723c751e8b465ee728b)  -> (artifact id: 'd33221fedec673b111a04b3751c32e9b') in 0.128838 seconds 
  Import took 0.177646 seconds .

========================================================================
Received Import Request.
  Time since last request: 487.797625 seconds.
  path: Assets/Player/BattleRoyaleDuoPAPBR/Scripts/player_mov.cs
  artifactKey: Guid(a8c76fde064e9154183097c8a68979ac) Importer(815301076,1909f56bfc062723c751e8b465ee728b)
Start importing Assets/Player/BattleRoyaleDuoPAPBR/Scripts/player_mov.cs using Guid(a8c76fde064e9154183097c8a68979ac) Importer(815301076,1909f56bfc062723c751e8b465ee728b)  -> (artifact id: '2ad41b579f2314534ce07f3b3ebf9ce6') in 0.083953 seconds 
  Import took 0.139525 seconds .

========================================================================
Received Prepare
Registering precompiled user dll's ...
Registered in 0.021227 seconds.
Begin MonoManager ReloadAssembly
Native extension for WindowsStandalone target not found
Refreshing native plugins compatible for Editor in 1.40 ms, found 2 plugins.
Preloading 0 native plugins for Editor in 0.00 ms.
Mono: successfully reloaded assembly
- Completed reload, in  5.762 seconds
Domain Reload Profiling:
	ReloadAssembly (5763ms)
		BeginReloadAssembly (740ms)
			ExecutionOrderSort (0ms)
			DisableScriptedObjects (36ms)
			BackupInstance (0ms)
			ReleaseScriptingObjects (0ms)
			CreateAndSetChildDomain (198ms)
		EndReloadAssembly (4533ms)
			LoadAssemblies (647ms)
			RebuildTransferFunctionScriptingTraits (0ms)
			SetupTypeCache (1778ms)
			ReleaseScriptCaches (5ms)
			RebuildScriptCaches (192ms)
			SetupLoadedEditorAssemblies (1430ms)
				LogAssemblyErrors (0ms)
				InitializePlatformSupportModulesInManaged (20ms)
				SetLoadedEditorAssemblies (2ms)
				RefreshPlugins (2ms)
				BeforeProcessingInitializeOnLoad (296ms)
				ProcessInitializeOnLoadAttributes (1053ms)
				ProcessInitializeOnLoadMethodAttributes (17ms)
				AfterProcessingInitializeOnLoad (40ms)
				EditorAssembliesLoaded (1ms)
			ExecutionOrderSort2 (0ms)
			AwakeInstancesAfterBackupRestoration (61ms)
Platform modules already initialized, skipping
Refreshing native plugins compatible for Editor in 1.28 ms, found 2 plugins.
Preloading 0 native plugins for Editor in 0.00 ms.
Unloading 2630 Unused Serialized files (Serialized files now loaded: 0)
System memory in use before: 141.3 MB.
System memory in use after: 141.5 MB.

Unloading 12 unused Assets to reduce memory usage. Loaded Objects now: 3287.
Total: 9.537300 ms (FindLiveObjects: 0.552000 ms CreateObjectMapping: 0.369200 ms MarkObjects: 8.568900 ms  DeleteObjects: 0.043800 ms)

AssetImportParameters requested are different than current active one (requested -> active):
  custom:framework-win-MediaFoundation: 216162199b28c13a410421893ffa2e32 -> 
  custom:video-decoder-ogg-theora: a1e56fd34408186e4bbccfd4996cb3dc -> 
  custom:container-muxer-webm: aa71ff27fc2769a1b78a27578f13a17b -> 
  custom:container-demuxer-webm: 4f35f7cbe854078d1ac9338744f61a02 -> 
  custom:container-demuxer-ogg: 62fdf1f143b41e24485cea50d1cbac27 -> 
  custom:video-encoder-webm-vp8: eb34c28f22e8b96e1ab97ce403110664 -> 
  custom:video-decoder-webm-vp8: 9c59270c3fd7afecdb556c50c9e8de78 -> 
  custom:audio-decoder-ogg-vorbis: bf7c407c2cedff20999df2af8eb42d56 -> 
  custom:audio-encoder-webm-vorbis: bf7c407c2cedff20999df2af8eb42d56 -> 
========================================================================
Received Import Request.
  Time since last request: 213.720646 seconds.
  path: Assets/Player/BattleRoyaleDuoPAPBR/Scripts/player_mov.cs
  artifactKey: Guid(a8c76fde064e9154183097c8a68979ac) Importer(815301076,1909f56bfc062723c751e8b465ee728b)
Start importing Assets/Player/BattleRoyaleDuoPAPBR/Scripts/player_mov.cs using Guid(a8c76fde064e9154183097c8a68979ac) Importer(815301076,1909f56bfc062723c751e8b465ee728b)  -> (artifact id: 'f071c2deec6d8a1e48d4270ad47b7c45') in 0.017540 seconds 
  Import took 0.029120 seconds .

========================================================================
Received Prepare
Registering precompiled user dll's ...
Registered in 0.012271 seconds.
Begin MonoManager ReloadAssembly
Native extension for WindowsStandalone target not found
Refreshing native plugins compatible for Editor in 1.39 ms, found 2 plugins.
Preloading 0 native plugins for Editor in 0.00 ms.
Mono: successfully reloaded assembly
- Completed reload, in  5.729 seconds
Domain Reload Profiling:
	ReloadAssembly (5732ms)
		BeginReloadAssembly (600ms)
			ExecutionOrderSort (0ms)
			DisableScriptedObjects (43ms)
			BackupInstance (0ms)
			ReleaseScriptingObjects (0ms)
			CreateAndSetChildDomain (190ms)
		EndReloadAssembly (4679ms)
			LoadAssemblies (533ms)
			RebuildTransferFunctionScriptingTraits (0ms)
			SetupTypeCache (1829ms)
			ReleaseScriptCaches (3ms)
			RebuildScriptCaches (117ms)
			SetupLoadedEditorAssemblies (1286ms)
				LogAssemblyErrors (0ms)
				InitializePlatformSupportModulesInManaged (17ms)
				SetLoadedEditorAssemblies (3ms)
				RefreshPlugins (2ms)
				BeforeProcessingInitializeOnLoad (191ms)
				ProcessInitializeOnLoadAttributes (1040ms)
				ProcessInitializeOnLoadMethodAttributes (12ms)
				AfterProcessingInitializeOnLoad (20ms)
				EditorAssembliesLoaded (1ms)
			ExecutionOrderSort2 (0ms)
			AwakeInstancesAfterBackupRestoration (40ms)
Platform modules already initialized, skipping
Refreshing native plugins compatible for Editor in 1.33 ms, found 2 plugins.
Preloading 0 native plugins for Editor in 0.00 ms.
Unloading 2630 Unused Serialized files (Serialized files now loaded: 0)
System memory in use before: 141.3 MB.
System memory in use after: 141.5 MB.

Unloading 12 unused Assets to reduce memory usage. Loaded Objects now: 3289.
Total: 15.288300 ms (FindLiveObjects: 1.031700 ms CreateObjectMapping: 0.793000 ms MarkObjects: 13.413900 ms  DeleteObjects: 0.047000 ms)

AssetImportParameters requested are different than current active one (requested -> active):
  custom:framework-win-MediaFoundation: 216162199b28c13a410421893ffa2e32 -> 
  custom:video-decoder-ogg-theora: a1e56fd34408186e4bbccfd4996cb3dc -> 
  custom:container-muxer-webm: aa71ff27fc2769a1b78a27578f13a17b -> 
  custom:container-demuxer-webm: 4f35f7cbe854078d1ac9338744f61a02 -> 
  custom:container-demuxer-ogg: 62fdf1f143b41e24485cea50d1cbac27 -> 
  custom:video-encoder-webm-vp8: eb34c28f22e8b96e1ab97ce403110664 -> 
  custom:video-decoder-webm-vp8: 9c59270c3fd7afecdb556c50c9e8de78 -> 
  custom:audio-decoder-ogg-vorbis: bf7c407c2cedff20999df2af8eb42d56 -> 
  custom:audio-encoder-webm-vorbis: bf7c407c2cedff20999df2af8eb42d56 -> 
========================================================================
Received Prepare
Registering precompiled user dll's ...
Registered in 0.016903 seconds.
Begin MonoManager ReloadAssembly
Native extension for WindowsStandalone target not found
Refreshing native plugins compatible for Editor in 2.17 ms, found 2 plugins.
Preloading 0 native plugins for Editor in 0.00 ms.
Mono: successfully reloaded assembly
- Completed reload, in  5.932 seconds
Domain Reload Profiling:
	ReloadAssembly (5933ms)
		BeginReloadAssembly (266ms)
			ExecutionOrderSort (0ms)
			DisableScriptedObjects (22ms)
			BackupInstance (0ms)
			ReleaseScriptingObjects (0ms)
			CreateAndSetChildDomain (72ms)
		EndReloadAssembly (5274ms)
			LoadAssemblies (395ms)
			RebuildTransferFunctionScriptingTraits (0ms)
			SetupTypeCache (2043ms)
			ReleaseScriptCaches (3ms)
			RebuildScriptCaches (186ms)
			SetupLoadedEditorAssemblies (1769ms)
				LogAssemblyErrors (0ms)
				InitializePlatformSupportModulesInManaged (25ms)
				SetLoadedEditorAssemblies (2ms)
				RefreshPlugins (2ms)
				BeforeProcessingInitializeOnLoad (403ms)
				ProcessInitializeOnLoadAttributes (1282ms)
				ProcessInitializeOnLoadMethodAttributes (20ms)
				AfterProcessingInitializeOnLoad (35ms)
				EditorAssembliesLoaded (1ms)
			ExecutionOrderSort2 (0ms)
			AwakeInstancesAfterBackupRestoration (70ms)
Platform modules already initialized, skipping
Refreshing native plugins compatible for Editor in 1.66 ms, found 2 plugins.
Preloading 0 native plugins for Editor in 0.00 ms.
Unloading 2630 Unused Serialized files (Serialized files now loaded: 0)
System memory in use before: 141.3 MB.
System memory in use after: 141.5 MB.

Unloading 12 unused Assets to reduce memory usage. Loaded Objects now: 3291.
Total: 16.745800 ms (FindLiveObjects: 1.240100 ms CreateObjectMapping: 1.326300 ms MarkObjects: 14.127100 ms  DeleteObjects: 0.048900 ms)

AssetImportParameters requested are different than current active one (requested -> active):
  custom:framework-win-MediaFoundation: 216162199b28c13a410421893ffa2e32 -> 
  custom:video-decoder-ogg-theora: a1e56fd34408186e4bbccfd4996cb3dc -> 
  custom:container-muxer-webm: aa71ff27fc2769a1b78a27578f13a17b -> 
  custom:container-demuxer-webm: 4f35f7cbe854078d1ac9338744f61a02 -> 
  custom:container-demuxer-ogg: 62fdf1f143b41e24485cea50d1cbac27 -> 
  custom:video-encoder-webm-vp8: eb34c28f22e8b96e1ab97ce403110664 -> 
  custom:video-decoder-webm-vp8: 9c59270c3fd7afecdb556c50c9e8de78 -> 
  custom:audio-decoder-ogg-vorbis: bf7c407c2cedff20999df2af8eb42d56 -> 
  custom:audio-encoder-webm-vorbis: bf7c407c2cedff20999df2af8eb42d56 -> 
========================================================================
Received Prepare
Registering precompiled user dll's ...
Registered in 0.035637 seconds.
Begin MonoManager ReloadAssembly
Native extension for WindowsStandalone target not found
Refreshing native plugins compatible for Editor in 1.37 ms, found 2 plugins.
Preloading 0 native plugins for Editor in 0.00 ms.
Mono: successfully reloaded assembly
- Completed reload, in  5.242 seconds
Domain Reload Profiling:
	ReloadAssembly (5244ms)
		BeginReloadAssembly (366ms)
			ExecutionOrderSort (0ms)
			DisableScriptedObjects (28ms)
			BackupInstance (0ms)
			ReleaseScriptingObjects (0ms)
			CreateAndSetChildDomain (101ms)
		EndReloadAssembly (4500ms)
			LoadAssemblies (436ms)
			RebuildTransferFunctionScriptingTraits (0ms)
			SetupTypeCache (2201ms)
			ReleaseScriptCaches (3ms)
			RebuildScriptCaches (186ms)
			SetupLoadedEditorAssemblies (1069ms)
				LogAssemblyErrors (0ms)
				InitializePlatformSupportModulesInManaged (15ms)
				SetLoadedEditorAssemblies (2ms)
				RefreshPlugins (2ms)
				BeforeProcessingInitializeOnLoad (237ms)
				ProcessInitializeOnLoadAttributes (771ms)
				ProcessInitializeOnLoadMethodAttributes (15ms)
				AfterProcessingInitializeOnLoad (28ms)
				EditorAssembliesLoaded (1ms)
			ExecutionOrderSort2 (0ms)
			AwakeInstancesAfterBackupRestoration (59ms)
Platform modules already initialized, skipping
Refreshing native plugins compatible for Editor in 6.22 ms, found 2 plugins.
Preloading 0 native plugins for Editor in 0.00 ms.
Unloading 2630 Unused Serialized files (Serialized files now loaded: 0)
System memory in use before: 141.3 MB.
System memory in use after: 141.5 MB.

Unloading 12 unused Assets to reduce memory usage. Loaded Objects now: 3293.
Total: 12.986100 ms (FindLiveObjects: 0.644400 ms CreateObjectMapping: 0.401100 ms MarkObjects: 11.882700 ms  DeleteObjects: 0.054200 ms)

AssetImportParameters requested are different than current active one (requested -> active):
  custom:framework-win-MediaFoundation: 216162199b28c13a410421893ffa2e32 -> 
  custom:video-decoder-ogg-theora: a1e56fd34408186e4bbccfd4996cb3dc -> 
  custom:container-muxer-webm: aa71ff27fc2769a1b78a27578f13a17b -> 
  custom:container-demuxer-webm: 4f35f7cbe854078d1ac9338744f61a02 -> 
  custom:container-demuxer-ogg: 62fdf1f143b41e24485cea50d1cbac27 -> 
  custom:video-encoder-webm-vp8: eb34c28f22e8b96e1ab97ce403110664 -> 
  custom:video-decoder-webm-vp8: 9c59270c3fd7afecdb556c50c9e8de78 -> 
  custom:audio-decoder-ogg-vorbis: bf7c407c2cedff20999df2af8eb42d56 -> 
  custom:audio-encoder-webm-vorbis: bf7c407c2cedff20999df2af8eb42d56 -> 
========================================================================
Received Prepare
Registering precompiled user dll's ...
Registered in 0.027553 seconds.
Begin MonoManager ReloadAssembly
Native extension for WindowsStandalone target not found
Refreshing native plugins compatible for Editor in 1.51 ms, found 2 plugins.
Preloading 0 native plugins for Editor in 0.00 ms.
Mono: successfully reloaded assembly
- Completed reload, in  3.223 seconds
Domain Reload Profiling:
	ReloadAssembly (3224ms)
		BeginReloadAssembly (400ms)
			ExecutionOrderSort (0ms)
			DisableScriptedObjects (22ms)
			BackupInstance (0ms)
			ReleaseScriptingObjects (1ms)
			CreateAndSetChildDomain (106ms)
		EndReloadAssembly (2574ms)
			LoadAssemblies (365ms)
			RebuildTransferFunctionScriptingTraits (0ms)
			SetupTypeCache (892ms)
			ReleaseScriptCaches (2ms)
			RebuildScriptCaches (120ms)
			SetupLoadedEditorAssemblies (848ms)
				LogAssemblyErrors (0ms)
				InitializePlatformSupportModulesInManaged (11ms)
				SetLoadedEditorAssemblies (1ms)
				RefreshPlugins (2ms)
				BeforeProcessingInitializeOnLoad (172ms)
				ProcessInitializeOnLoadAttributes (628ms)
				ProcessInitializeOnLoadMethodAttributes (17ms)
				AfterProcessingInitializeOnLoad (17ms)
				EditorAssembliesLoaded (0ms)
			ExecutionOrderSort2 (0ms)
			AwakeInstancesAfterBackupRestoration (43ms)
Platform modules already initialized, skipping
Refreshing native plugins compatible for Editor in 2.50 ms, found 2 plugins.
Preloading 0 native plugins for Editor in 0.00 ms.
Unloading 2630 Unused Serialized files (Serialized files now loaded: 0)
System memory in use before: 141.3 MB.
System memory in use after: 141.5 MB.

Unloading 12 unused Assets to reduce memory usage. Loaded Objects now: 3295.
Total: 10.956600 ms (FindLiveObjects: 0.574400 ms CreateObjectMapping: 0.275700 ms MarkObjects: 10.077000 ms  DeleteObjects: 0.026400 ms)

AssetImportParameters requested are different than current active one (requested -> active):
  custom:framework-win-MediaFoundation: 216162199b28c13a410421893ffa2e32 -> 
  custom:video-decoder-ogg-theora: a1e56fd34408186e4bbccfd4996cb3dc -> 
  custom:container-muxer-webm: aa71ff27fc2769a1b78a27578f13a17b -> 
  custom:container-demuxer-webm: 4f35f7cbe854078d1ac9338744f61a02 -> 
  custom:container-demuxer-ogg: 62fdf1f143b41e24485cea50d1cbac27 -> 
  custom:video-encoder-webm-vp8: eb34c28f22e8b96e1ab97ce403110664 -> 
  custom:video-decoder-webm-vp8: 9c59270c3fd7afecdb556c50c9e8de78 -> 
  custom:audio-decoder-ogg-vorbis: bf7c407c2cedff20999df2af8eb42d56 -> 
  custom:audio-encoder-webm-vorbis: bf7c407c2cedff20999df2af8eb42d56 -> 
========================================================================
Received Prepare
Registering precompiled user dll's ...
Registered in 0.016744 seconds.
Begin MonoManager ReloadAssembly
Native extension for WindowsStandalone target not found
Refreshing native plugins compatible for Editor in 1.62 ms, found 2 plugins.
Preloading 0 native plugins for Editor in 0.00 ms.
Mono: successfully reloaded assembly
- Completed reload, in  5.413 seconds
Domain Reload Profiling:
	ReloadAssembly (5414ms)
		BeginReloadAssembly (766ms)
			ExecutionOrderSort (0ms)
			DisableScriptedObjects (28ms)
			BackupInstance (0ms)
			ReleaseScriptingObjects (0ms)
			CreateAndSetChildDomain (115ms)
		EndReloadAssembly (4290ms)
			LoadAssemblies (797ms)
			RebuildTransferFunctionScriptingTraits (0ms)
			SetupTypeCache (1519ms)
			ReleaseScriptCaches (3ms)
			RebuildScriptCaches (169ms)
			SetupLoadedEditorAssemblies (1533ms)
				LogAssemblyErrors (0ms)
				InitializePlatformSupportModulesInManaged (20ms)
				SetLoadedEditorAssemblies (2ms)
				RefreshPlugins (2ms)
				BeforeProcessingInitializeOnLoad (345ms)
				ProcessInitializeOnLoadAttributes (1099ms)
				ProcessInitializeOnLoadMethodAttributes (22ms)
				AfterProcessingInitializeOnLoad (41ms)
				EditorAssembliesLoaded (2ms)
			ExecutionOrderSort2 (0ms)
			AwakeInstancesAfterBackupRestoration (92ms)
Platform modules already initialized, skipping
Refreshing native plugins compatible for Editor in 1.49 ms, found 2 plugins.
Preloading 0 native plugins for Editor in 0.00 ms.
Unloading 2630 Unused Serialized files (Serialized files now loaded: 0)
System memory in use before: 141.3 MB.
System memory in use after: 141.6 MB.

Unloading 12 unused Assets to reduce memory usage. Loaded Objects now: 3297.
Total: 12.094600 ms (FindLiveObjects: 0.675300 ms CreateObjectMapping: 0.576900 ms MarkObjects: 10.777800 ms  DeleteObjects: 0.060800 ms)

AssetImportParameters requested are different than current active one (requested -> active):
  custom:framework-win-MediaFoundation: 216162199b28c13a410421893ffa2e32 -> 
  custom:video-decoder-ogg-theora: a1e56fd34408186e4bbccfd4996cb3dc -> 
  custom:container-muxer-webm: aa71ff27fc2769a1b78a27578f13a17b -> 
  custom:container-demuxer-webm: 4f35f7cbe854078d1ac9338744f61a02 -> 
  custom:container-demuxer-ogg: 62fdf1f143b41e24485cea50d1cbac27 -> 
  custom:video-encoder-webm-vp8: eb34c28f22e8b96e1ab97ce403110664 -> 
  custom:video-decoder-webm-vp8: 9c59270c3fd7afecdb556c50c9e8de78 -> 
  custom:audio-decoder-ogg-vorbis: bf7c407c2cedff20999df2af8eb42d56 -> 
  custom:audio-encoder-webm-vorbis: bf7c407c2cedff20999df2af8eb42d56 -> 
========================================================================
Received Prepare
Registering precompiled user dll's ...
Registered in 0.017034 seconds.
Begin MonoManager ReloadAssembly
Native extension for WindowsStandalone target not found
Refreshing native plugins compatible for Editor in 1.44 ms, found 2 plugins.
Preloading 0 native plugins for Editor in 0.00 ms.
Mono: successfully reloaded assembly
- Completed reload, in  6.021 seconds
Domain Reload Profiling:
	ReloadAssembly (6023ms)
		BeginReloadAssembly (419ms)
			ExecutionOrderSort (0ms)
			DisableScriptedObjects (16ms)
			BackupInstance (0ms)
			ReleaseScriptingObjects (0ms)
			CreateAndSetChildDomain (180ms)
		EndReloadAssembly (5306ms)
			LoadAssemblies (318ms)
			RebuildTransferFunctionScriptingTraits (0ms)
			SetupTypeCache (2191ms)
			ReleaseScriptCaches (6ms)
			RebuildScriptCaches (340ms)
			SetupLoadedEditorAssemblies (1496ms)
				LogAssemblyErrors (0ms)
				InitializePlatformSupportModulesInManaged (19ms)
				SetLoadedEditorAssemblies (2ms)
				RefreshPlugins (2ms)
				BeforeProcessingInitializeOnLoad (319ms)
				ProcessInitializeOnLoadAttributes (1117ms)
				ProcessInitializeOnLoadMethodAttributes (13ms)
				AfterProcessingInitializeOnLoad (24ms)
				EditorAssembliesLoaded (1ms)
			ExecutionOrderSort2 (0ms)
			AwakeInstancesAfterBackupRestoration (50ms)
Platform modules already initialized, skipping
Refreshing native plugins compatible for Editor in 1.50 ms, found 2 plugins.
Preloading 0 native plugins for Editor in 0.00 ms.
Unloading 2630 Unused Serialized files (Serialized files now loaded: 0)
System memory in use before: 141.3 MB.
System memory in use after: 141.6 MB.

Unloading 12 unused Assets to reduce memory usage. Loaded Objects now: 3299.
Total: 9.153600 ms (FindLiveObjects: 0.836300 ms CreateObjectMapping: 0.347100 ms MarkObjects: 7.908200 ms  DeleteObjects: 0.059300 ms)

AssetImportParameters requested are different than current active one (requested -> active):
  custom:framework-win-MediaFoundation: 216162199b28c13a410421893ffa2e32 -> 
  custom:video-decoder-ogg-theora: a1e56fd34408186e4bbccfd4996cb3dc -> 
  custom:container-muxer-webm: aa71ff27fc2769a1b78a27578f13a17b -> 
  custom:container-demuxer-webm: 4f35f7cbe854078d1ac9338744f61a02 -> 
  custom:container-demuxer-ogg: 62fdf1f143b41e24485cea50d1cbac27 -> 
  custom:video-encoder-webm-vp8: eb34c28f22e8b96e1ab97ce403110664 -> 
  custom:video-decoder-webm-vp8: 9c59270c3fd7afecdb556c50c9e8de78 -> 
  custom:audio-decoder-ogg-vorbis: bf7c407c2cedff20999df2af8eb42d56 -> 
  custom:audio-encoder-webm-vorbis: bf7c407c2cedff20999df2af8eb42d56 -> 
========================================================================
Received Prepare
Registering precompiled user dll's ...
Registered in 0.024204 seconds.
Begin MonoManager ReloadAssembly
Native extension for WindowsStandalone target not found
Refreshing native plugins compatible for Editor in 3.00 ms, found 2 plugins.
Preloading 0 native plugins for Editor in 0.00 ms.
Mono: successfully reloaded assembly
- Completed reload, in  6.679 seconds
Domain Reload Profiling:
	ReloadAssembly (6681ms)
		BeginReloadAssembly (610ms)
			ExecutionOrderSort (0ms)
			DisableScriptedObjects (31ms)
			BackupInstance (0ms)
			ReleaseScriptingObjects (0ms)
			CreateAndSetChildDomain (187ms)
		EndReloadAssembly (5640ms)
			LoadAssemblies (555ms)
			RebuildTransferFunctionScriptingTraits (0ms)
			SetupTypeCache (1724ms)
			ReleaseScriptCaches (5ms)
			RebuildScriptCaches (226ms)
			SetupLoadedEditorAssemblies (2158ms)
				LogAssemblyErrors (0ms)
				InitializePlatformSupportModulesInManaged (342ms)
				SetLoadedEditorAssemblies (3ms)
				RefreshPlugins (5ms)
				BeforeProcessingInitializeOnLoad (320ms)
				ProcessInitializeOnLoadAttributes (1413ms)
				ProcessInitializeOnLoadMethodAttributes (24ms)
				AfterProcessingInitializeOnLoad (49ms)
				EditorAssembliesLoaded (1ms)
			ExecutionOrderSort2 (0ms)
			AwakeInstancesAfterBackupRestoration (94ms)
Platform modules already initialized, skipping
Refreshing native plugins compatible for Editor in 3.30 ms, found 2 plugins.
Preloading 0 native plugins for Editor in 0.00 ms.
Unloading 2630 Unused Serialized files (Serialized files now loaded: 0)
System memory in use before: 141.3 MB.
System memory in use after: 141.6 MB.

Unloading 12 unused Assets to reduce memory usage. Loaded Objects now: 3301.
Total: 16.595200 ms (FindLiveObjects: 1.365800 ms CreateObjectMapping: 0.532100 ms MarkObjects: 14.634200 ms  DeleteObjects: 0.058100 ms)

AssetImportParameters requested are different than current active one (requested -> active):
  custom:framework-win-MediaFoundation: 216162199b28c13a410421893ffa2e32 -> 
  custom:video-decoder-ogg-theora: a1e56fd34408186e4bbccfd4996cb3dc -> 
  custom:container-muxer-webm: aa71ff27fc2769a1b78a27578f13a17b -> 
  custom:container-demuxer-webm: 4f35f7cbe854078d1ac9338744f61a02 -> 
  custom:container-demuxer-ogg: 62fdf1f143b41e24485cea50d1cbac27 -> 
  custom:video-encoder-webm-vp8: eb34c28f22e8b96e1ab97ce403110664 -> 
  custom:video-decoder-webm-vp8: 9c59270c3fd7afecdb556c50c9e8de78 -> 
  custom:audio-decoder-ogg-vorbis: bf7c407c2cedff20999df2af8eb42d56 -> 
  custom:audio-encoder-webm-vorbis: bf7c407c2cedff20999df2af8eb42d56 -> 
========================================================================
Received Prepare
Registering precompiled user dll's ...
Registered in 0.022656 seconds.
Begin MonoManager ReloadAssembly
Native extension for WindowsStandalone target not found
Refreshing native plugins compatible for Editor in 2.21 ms, found 2 plugins.
Preloading 0 native plugins for Editor in 0.00 ms.
Mono: successfully reloaded assembly
- Completed reload, in  6.253 seconds
Domain Reload Profiling:
	ReloadAssembly (6254ms)
		BeginReloadAssembly (427ms)
			ExecutionOrderSort (0ms)
			DisableScriptedObjects (18ms)
			BackupInstance (0ms)
			ReleaseScriptingObjects (0ms)
			CreateAndSetChildDomain (101ms)
		EndReloadAssembly (5073ms)
			LoadAssemblies (549ms)
			RebuildTransferFunctionScriptingTraits (0ms)
			SetupTypeCache (2011ms)
			ReleaseScriptCaches (3ms)
			RebuildScriptCaches (260ms)
			SetupLoadedEditorAssemblies (1464ms)
				LogAssemblyErrors (0ms)
				InitializePlatformSupportModulesInManaged (27ms)
				SetLoadedEditorAssemblies (2ms)
				RefreshPlugins (2ms)
				BeforeProcessingInitializeOnLoad (316ms)
				ProcessInitializeOnLoadAttributes (1029ms)
				ProcessInitializeOnLoadMethodAttributes (40ms)
				AfterProcessingInitializeOnLoad (46ms)
				EditorAssembliesLoaded (1ms)
			ExecutionOrderSort2 (0ms)
			AwakeInstancesAfterBackupRestoration (145ms)
Platform modules already initialized, skipping
Refreshing native plugins compatible for Editor in 1.14 ms, found 2 plugins.
Preloading 0 native plugins for Editor in 0.00 ms.
Unloading 2630 Unused Serialized files (Serialized files now loaded: 0)
System memory in use before: 141.3 MB.
System memory in use after: 141.6 MB.

Unloading 12 unused Assets to reduce memory usage. Loaded Objects now: 3303.
Total: 9.305700 ms (FindLiveObjects: 0.484800 ms CreateObjectMapping: 0.268400 ms MarkObjects: 8.512400 ms  DeleteObjects: 0.036900 ms)

AssetImportParameters requested are different than current active one (requested -> active):
  custom:framework-win-MediaFoundation: 216162199b28c13a410421893ffa2e32 -> 
  custom:video-decoder-ogg-theora: a1e56fd34408186e4bbccfd4996cb3dc -> 
  custom:container-muxer-webm: aa71ff27fc2769a1b78a27578f13a17b -> 
  custom:container-demuxer-webm: 4f35f7cbe854078d1ac9338744f61a02 -> 
  custom:container-demuxer-ogg: 62fdf1f143b41e24485cea50d1cbac27 -> 
  custom:video-encoder-webm-vp8: eb34c28f22e8b96e1ab97ce403110664 -> 
  custom:video-decoder-webm-vp8: 9c59270c3fd7afecdb556c50c9e8de78 -> 
  custom:audio-decoder-ogg-vorbis: bf7c407c2cedff20999df2af8eb42d56 -> 
  custom:audio-encoder-webm-vorbis: bf7c407c2cedff20999df2af8eb42d56 -> 
========================================================================
Received Prepare
Registering precompiled user dll's ...
Registered in 0.016392 seconds.
Begin MonoManager ReloadAssembly
Native extension for WindowsStandalone target not found
Refreshing native plugins compatible for Editor in 1.58 ms, found 2 plugins.
Preloading 0 native plugins for Editor in 0.00 ms.
Mono: successfully reloaded assembly
- Completed reload, in  6.932 seconds
Domain Reload Profiling:
	ReloadAssembly (6934ms)
		BeginReloadAssembly (732ms)
			ExecutionOrderSort (0ms)
			DisableScriptedObjects (30ms)
			BackupInstance (0ms)
			ReleaseScriptingObjects (0ms)
			CreateAndSetChildDomain (249ms)
		EndReloadAssembly (5884ms)
			LoadAssemblies (530ms)
			RebuildTransferFunctionScriptingTraits (0ms)
			SetupTypeCache (1838ms)
			ReleaseScriptCaches (4ms)
			RebuildScriptCaches (194ms)
			SetupLoadedEditorAssemblies (2179ms)
				LogAssemblyErrors (0ms)
				InitializePlatformSupportModulesInManaged (14ms)
				SetLoadedEditorAssemblies (1ms)
				RefreshPlugins (2ms)
				BeforeProcessingInitializeOnLoad (691ms)
				ProcessInitializeOnLoadAttributes (1414ms)
				ProcessInitializeOnLoadMethodAttributes (20ms)
				AfterProcessingInitializeOnLoad (36ms)
				EditorAssembliesLoaded (1ms)
			ExecutionOrderSort2 (0ms)
			AwakeInstancesAfterBackupRestoration (72ms)
Platform modules already initialized, skipping
Refreshing native plugins compatible for Editor in 1.46 ms, found 2 plugins.
Preloading 0 native plugins for Editor in 0.00 ms.
Unloading 2630 Unused Serialized files (Serialized files now loaded: 0)
System memory in use before: 141.3 MB.
System memory in use after: 141.6 MB.

Unloading 12 unused Assets to reduce memory usage. Loaded Objects now: 3305.
Total: 15.295500 ms (FindLiveObjects: 0.659400 ms CreateObjectMapping: 0.553200 ms MarkObjects: 14.030700 ms  DeleteObjects: 0.048400 ms)

AssetImportParameters requested are different than current active one (requested -> active):
  custom:framework-win-MediaFoundation: 216162199b28c13a410421893ffa2e32 -> 
  custom:video-decoder-ogg-theora: a1e56fd34408186e4bbccfd4996cb3dc -> 
  custom:container-muxer-webm: aa71ff27fc2769a1b78a27578f13a17b -> 
  custom:container-demuxer-webm: 4f35f7cbe854078d1ac9338744f61a02 -> 
  custom:container-demuxer-ogg: 62fdf1f143b41e24485cea50d1cbac27 -> 
  custom:video-encoder-webm-vp8: eb34c28f22e8b96e1ab97ce403110664 -> 
  custom:video-decoder-webm-vp8: 9c59270c3fd7afecdb556c50c9e8de78 -> 
  custom:audio-decoder-ogg-vorbis: bf7c407c2cedff20999df2af8eb42d56 -> 
  custom:audio-encoder-webm-vorbis: bf7c407c2cedff20999df2af8eb42d56 -> 
========================================================================
Received Prepare
Registering precompiled user dll's ...
Registered in 0.005981 seconds.
Begin MonoManager ReloadAssembly
Native extension for WindowsStandalone target not found
Refreshing native plugins compatible for Editor in 1.58 ms, found 2 plugins.
Preloading 0 native plugins for Editor in 0.00 ms.
Mono: successfully reloaded assembly
- Completed reload, in  2.337 seconds
Domain Reload Profiling:
	ReloadAssembly (2338ms)
		BeginReloadAssembly (224ms)
			ExecutionOrderSort (0ms)
			DisableScriptedObjects (9ms)
			BackupInstance (0ms)
			ReleaseScriptingObjects (0ms)
			CreateAndSetChildDomain (73ms)
		EndReloadAssembly (1981ms)
			LoadAssemblies (194ms)
			RebuildTransferFunctionScriptingTraits (0ms)
			SetupTypeCache (633ms)
			ReleaseScriptCaches (1ms)
			RebuildScriptCaches (99ms)
			SetupLoadedEditorAssemblies (742ms)
				LogAssemblyErrors (0ms)
				InitializePlatformSupportModulesInManaged (8ms)
				SetLoadedEditorAssemblies (1ms)
				RefreshPlugins (2ms)
				BeforeProcessingInitializeOnLoad (172ms)
				ProcessInitializeOnLoadAttributes (539ms)
				ProcessInitializeOnLoadMethodAttributes (8ms)
				AfterProcessingInitializeOnLoad (11ms)
				EditorAssembliesLoaded (0ms)
			ExecutionOrderSort2 (0ms)
			AwakeInstancesAfterBackupRestoration (32ms)
Platform modules already initialized, skipping
Refreshing native plugins compatible for Editor in 0.81 ms, found 2 plugins.
Preloading 0 native plugins for Editor in 0.00 ms.
Unloading 2630 Unused Serialized files (Serialized files now loaded: 0)
System memory in use before: 141.4 MB.
System memory in use after: 141.6 MB.

Unloading 12 unused Assets to reduce memory usage. Loaded Objects now: 3307.
Total: 4.958100 ms (FindLiveObjects: 0.379000 ms CreateObjectMapping: 0.205800 ms MarkObjects: 4.350100 ms  DeleteObjects: 0.022100 ms)

AssetImportParameters requested are different than current active one (requested -> active):
  custom:framework-win-MediaFoundation: 216162199b28c13a410421893ffa2e32 -> 
  custom:video-decoder-ogg-theora: a1e56fd34408186e4bbccfd4996cb3dc -> 
  custom:container-muxer-webm: aa71ff27fc2769a1b78a27578f13a17b -> 
  custom:container-demuxer-webm: 4f35f7cbe854078d1ac9338744f61a02 -> 
  custom:container-demuxer-ogg: 62fdf1f143b41e24485cea50d1cbac27 -> 
  custom:video-encoder-webm-vp8: eb34c28f22e8b96e1ab97ce403110664 -> 
  custom:video-decoder-webm-vp8: 9c59270c3fd7afecdb556c50c9e8de78 -> 
  custom:audio-decoder-ogg-vorbis: bf7c407c2cedff20999df2af8eb42d56 -> 
  custom:audio-encoder-webm-vorbis: bf7c407c2cedff20999df2af8eb42d56 -> 
========================================================================
Received Prepare
Registering precompiled user dll's ...
Registered in 0.011024 seconds.
Begin MonoManager ReloadAssembly
Native extension for WindowsStandalone target not found
Refreshing native plugins compatible for Editor in 4.46 ms, found 2 plugins.
Preloading 0 native plugins for Editor in 0.00 ms.
Mono: successfully reloaded assembly
- Completed reload, in  6.584 seconds
Domain Reload Profiling:
	ReloadAssembly (6585ms)
		BeginReloadAssembly (1033ms)
			ExecutionOrderSort (0ms)
			DisableScriptedObjects (15ms)
			BackupInstance (0ms)
			ReleaseScriptingObjects (0ms)
			CreateAndSetChildDomain (85ms)
		EndReloadAssembly (5145ms)
			LoadAssemblies (1106ms)
			RebuildTransferFunctionScriptingTraits (0ms)
			SetupTypeCache (1734ms)
			ReleaseScriptCaches (5ms)
			RebuildScriptCaches (320ms)
			SetupLoadedEditorAssemblies (1091ms)
				LogAssemblyErrors (0ms)
				InitializePlatformSupportModulesInManaged (13ms)
				SetLoadedEditorAssemblies (5ms)
				RefreshPlugins (5ms)
				BeforeProcessingInitializeOnLoad (287ms)
				ProcessInitializeOnLoadAttributes (750ms)
				ProcessInitializeOnLoadMethodAttributes (10ms)
				AfterProcessingInitializeOnLoad (21ms)
				EditorAssembliesLoaded (1ms)
			ExecutionOrderSort2 (0ms)
			AwakeInstancesAfterBackupRestoration (46ms)
Platform modules already initialized, skipping
Refreshing native plugins compatible for Editor in 1.92 ms, found 2 plugins.
Preloading 0 native plugins for Editor in 0.00 ms.
Unloading 2630 Unused Serialized files (Serialized files now loaded: 0)
System memory in use before: 141.4 MB.
System memory in use after: 141.6 MB.

Unloading 12 unused Assets to reduce memory usage. Loaded Objects now: 3309.
Total: 11.744600 ms (FindLiveObjects: 0.601000 ms CreateObjectMapping: 0.560000 ms MarkObjects: 10.532300 ms  DeleteObjects: 0.047800 ms)

AssetImportParameters requested are different than current active one (requested -> active):
  custom:framework-win-MediaFoundation: 216162199b28c13a410421893ffa2e32 -> 
  custom:video-decoder-ogg-theora: a1e56fd34408186e4bbccfd4996cb3dc -> 
  custom:container-muxer-webm: aa71ff27fc2769a1b78a27578f13a17b -> 
  custom:container-demuxer-webm: 4f35f7cbe854078d1ac9338744f61a02 -> 
  custom:container-demuxer-ogg: 62fdf1f143b41e24485cea50d1cbac27 -> 
  custom:video-encoder-webm-vp8: eb34c28f22e8b96e1ab97ce403110664 -> 
  custom:video-decoder-webm-vp8: 9c59270c3fd7afecdb556c50c9e8de78 -> 
  custom:audio-decoder-ogg-vorbis: bf7c407c2cedff20999df2af8eb42d56 -> 
  custom:audio-encoder-webm-vorbis: bf7c407c2cedff20999df2af8eb42d56 -> 
========================================================================
Received Prepare
Registering precompiled user dll's ...
Registered in 0.015570 seconds.
Begin MonoManager ReloadAssembly
Native extension for WindowsStandalone target not found
Refreshing native plugins compatible for Editor in 0.98 ms, found 2 plugins.
Preloading 0 native plugins for Editor in 0.00 ms.
Mono: successfully reloaded assembly
- Completed reload, in  3.467 seconds
Domain Reload Profiling:
	ReloadAssembly (3468ms)
		BeginReloadAssembly (343ms)
			ExecutionOrderSort (0ms)
			DisableScriptedObjects (31ms)
			BackupInstance (0ms)
			ReleaseScriptingObjects (0ms)
			CreateAndSetChildDomain (87ms)
		EndReloadAssembly (2906ms)
			LoadAssemblies (292ms)
			RebuildTransferFunctionScriptingTraits (0ms)
			SetupTypeCache (1217ms)
			ReleaseScriptCaches (8ms)
			RebuildScriptCaches (148ms)
			SetupLoadedEditorAssemblies (740ms)
				LogAssemblyErrors (0ms)
				InitializePlatformSupportModulesInManaged (26ms)
				SetLoadedEditorAssemblies (1ms)
				RefreshPlugins (1ms)
				BeforeProcessingInitializeOnLoad (179ms)
				ProcessInitializeOnLoadAttributes (506ms)
				ProcessInitializeOnLoadMethodAttributes (10ms)
				AfterProcessingInitializeOnLoad (17ms)
				EditorAssembliesLoaded (0ms)
			ExecutionOrderSort2 (0ms)
			AwakeInstancesAfterBackupRestoration (36ms)
Platform modules already initialized, skipping
Refreshing native plugins compatible for Editor in 0.86 ms, found 2 plugins.
Preloading 0 native plugins for Editor in 0.00 ms.
Unloading 2630 Unused Serialized files (Serialized files now loaded: 0)
System memory in use before: 141.4 MB.
System memory in use after: 141.6 MB.

Unloading 12 unused Assets to reduce memory usage. Loaded Objects now: 3311.
Total: 64.915200 ms (FindLiveObjects: 21.676600 ms CreateObjectMapping: 0.347200 ms MarkObjects: 42.851000 ms  DeleteObjects: 0.037200 ms)

AssetImportParameters requested are different than current active one (requested -> active):
  custom:framework-win-MediaFoundation: 216162199b28c13a410421893ffa2e32 -> 
  custom:video-decoder-ogg-theora: a1e56fd34408186e4bbccfd4996cb3dc -> 
  custom:container-muxer-webm: aa71ff27fc2769a1b78a27578f13a17b -> 
  custom:container-demuxer-webm: 4f35f7cbe854078d1ac9338744f61a02 -> 
  custom:container-demuxer-ogg: 62fdf1f143b41e24485cea50d1cbac27 -> 
  custom:video-encoder-webm-vp8: eb34c28f22e8b96e1ab97ce403110664 -> 
  custom:video-decoder-webm-vp8: 9c59270c3fd7afecdb556c50c9e8de78 -> 
  custom:audio-decoder-ogg-vorbis: bf7c407c2cedff20999df2af8eb42d56 -> 
  custom:audio-encoder-webm-vorbis: bf7c407c2cedff20999df2af8eb42d56 -> 
========================================================================
Received Prepare
Registering precompiled user dll's ...
Registered in 0.016453 seconds.
Begin MonoManager ReloadAssembly
Native extension for WindowsStandalone target not found
Refreshing native plugins compatible for Editor in 1.13 ms, found 2 plugins.
Preloading 0 native plugins for Editor in 0.00 ms.
Mono: successfully reloaded assembly
- Completed reload, in  5.834 seconds
Domain Reload Profiling:
	ReloadAssembly (5837ms)
		BeginReloadAssembly (462ms)
			ExecutionOrderSort (0ms)
			DisableScriptedObjects (19ms)
			BackupInstance (0ms)
			ReleaseScriptingObjects (0ms)
			CreateAndSetChildDomain (173ms)
		EndReloadAssembly (5074ms)
			LoadAssemblies (471ms)
			RebuildTransferFunctionScriptingTraits (0ms)
			SetupTypeCache (2098ms)
			ReleaseScriptCaches (3ms)
			RebuildScriptCaches (268ms)
			SetupLoadedEditorAssemblies (1498ms)
				LogAssemblyErrors (0ms)
				InitializePlatformSupportModulesInManaged (54ms)
				SetLoadedEditorAssemblies (9ms)
				RefreshPlugins (1ms)
				BeforeProcessingInitializeOnLoad (567ms)
				ProcessInitializeOnLoadAttributes (828ms)
				ProcessInitializeOnLoadMethodAttributes (15ms)
				AfterProcessingInitializeOnLoad (24ms)
				EditorAssembliesLoaded (1ms)
			ExecutionOrderSort2 (0ms)
			AwakeInstancesAfterBackupRestoration (49ms)
Platform modules already initialized, skipping
Refreshing native plugins compatible for Editor in 1.13 ms, found 2 plugins.
Preloading 0 native plugins for Editor in 0.00 ms.
Unloading 2630 Unused Serialized files (Serialized files now loaded: 0)
System memory in use before: 141.4 MB.
System memory in use after: 141.6 MB.

Unloading 12 unused Assets to reduce memory usage. Loaded Objects now: 3313.
Total: 9.667500 ms (FindLiveObjects: 0.815300 ms CreateObjectMapping: 0.307000 ms MarkObjects: 8.515500 ms  DeleteObjects: 0.027000 ms)

AssetImportParameters requested are different than current active one (requested -> active):
  custom:framework-win-MediaFoundation: 216162199b28c13a410421893ffa2e32 -> 
  custom:video-decoder-ogg-theora: a1e56fd34408186e4bbccfd4996cb3dc -> 
  custom:container-muxer-webm: aa71ff27fc2769a1b78a27578f13a17b -> 
  custom:container-demuxer-webm: 4f35f7cbe854078d1ac9338744f61a02 -> 
  custom:container-demuxer-ogg: 62fdf1f143b41e24485cea50d1cbac27 -> 
  custom:video-encoder-webm-vp8: eb34c28f22e8b96e1ab97ce403110664 -> 
  custom:video-decoder-webm-vp8: 9c59270c3fd7afecdb556c50c9e8de78 -> 
  custom:audio-decoder-ogg-vorbis: bf7c407c2cedff20999df2af8eb42d56 -> 
  custom:audio-encoder-webm-vorbis: bf7c407c2cedff20999df2af8eb42d56 -> 
========================================================================
Received Prepare
Registering precompiled user dll's ...
Registered in 0.028074 seconds.
Begin MonoManager ReloadAssembly
Native extension for WindowsStandalone target not found
Refreshing native plugins compatible for Editor in 1.42 ms, found 2 plugins.
Preloading 0 native plugins for Editor in 0.00 ms.
Mono: successfully reloaded assembly
- Completed reload, in  5.733 seconds
Domain Reload Profiling:
	ReloadAssembly (5735ms)
		BeginReloadAssembly (538ms)
			ExecutionOrderSort (0ms)
			DisableScriptedObjects (22ms)
			BackupInstance (0ms)
			ReleaseScriptingObjects (1ms)
			CreateAndSetChildDomain (145ms)
		EndReloadAssembly (4506ms)
			LoadAssemblies (566ms)
			RebuildTransferFunctionScriptingTraits (0ms)
			SetupTypeCache (2208ms)
			ReleaseScriptCaches (3ms)
			RebuildScriptCaches (183ms)
			SetupLoadedEditorAssemblies (1038ms)
				LogAssemblyErrors (0ms)
				InitializePlatformSupportModulesInManaged (15ms)
				SetLoadedEditorAssemblies (2ms)
				RefreshPlugins (2ms)
				BeforeProcessingInitializeOnLoad (235ms)
				ProcessInitializeOnLoadAttributes (741ms)
				ProcessInitializeOnLoadMethodAttributes (15ms)
				AfterProcessingInitializeOnLoad (28ms)
				EditorAssembliesLoaded (1ms)
			ExecutionOrderSort2 (0ms)
			AwakeInstancesAfterBackupRestoration (56ms)
Platform modules already initialized, skipping
Refreshing native plugins compatible for Editor in 1.34 ms, found 2 plugins.
Preloading 0 native plugins for Editor in 0.00 ms.
Unloading 2630 Unused Serialized files (Serialized files now loaded: 0)
System memory in use before: 141.4 MB.
System memory in use after: 141.6 MB.

Unloading 12 unused Assets to reduce memory usage. Loaded Objects now: 3315.
Total: 10.775600 ms (FindLiveObjects: 0.569400 ms CreateObjectMapping: 2.020500 ms MarkObjects: 8.139500 ms  DeleteObjects: 0.043200 ms)

AssetImportParameters requested are different than current active one (requested -> active):
  custom:framework-win-MediaFoundation: 216162199b28c13a410421893ffa2e32 -> 
  custom:video-decoder-ogg-theora: a1e56fd34408186e4bbccfd4996cb3dc -> 
  custom:container-muxer-webm: aa71ff27fc2769a1b78a27578f13a17b -> 
  custom:container-demuxer-webm: 4f35f7cbe854078d1ac9338744f61a02 -> 
  custom:container-demuxer-ogg: 62fdf1f143b41e24485cea50d1cbac27 -> 
  custom:video-encoder-webm-vp8: eb34c28f22e8b96e1ab97ce403110664 -> 
  custom:video-decoder-webm-vp8: 9c59270c3fd7afecdb556c50c9e8de78 -> 
  custom:audio-decoder-ogg-vorbis: bf7c407c2cedff20999df2af8eb42d56 -> 
  custom:audio-encoder-webm-vorbis: bf7c407c2cedff20999df2af8eb42d56 -> 
========================================================================
Received Prepare
Registering precompiled user dll's ...
Registered in 0.015947 seconds.
Begin MonoManager ReloadAssembly
Native extension for WindowsStandalone target not found
Refreshing native plugins compatible for Editor in 2.44 ms, found 2 plugins.
Preloading 0 native plugins for Editor in 0.00 ms.
Mono: successfully reloaded assembly
- Completed reload, in  6.337 seconds
Domain Reload Profiling:
	ReloadAssembly (6338ms)
		BeginReloadAssembly (437ms)
			ExecutionOrderSort (0ms)
			DisableScriptedObjects (14ms)
			BackupInstance (0ms)
			ReleaseScriptingObjects (0ms)
			CreateAndSetChildDomain (115ms)
		EndReloadAssembly (5519ms)
			LoadAssemblies (577ms)
			RebuildTransferFunctionScriptingTraits (0ms)
			SetupTypeCache (2252ms)
			ReleaseScriptCaches (3ms)
			RebuildScriptCaches (226ms)
			SetupLoadedEditorAssemblies (1478ms)
				LogAssemblyErrors (0ms)
				InitializePlatformSupportModulesInManaged (23ms)
				SetLoadedEditorAssemblies (2ms)
				RefreshPlugins (3ms)
				BeforeProcessingInitializeOnLoad (340ms)
				ProcessInitializeOnLoadAttributes (1065ms)
				ProcessInitializeOnLoadMethodAttributes (16ms)
				AfterProcessingInitializeOnLoad (28ms)
				EditorAssembliesLoaded (1ms)
			ExecutionOrderSort2 (0ms)
			AwakeInstancesAfterBackupRestoration (59ms)
Platform modules already initialized, skipping
Refreshing native plugins compatible for Editor in 2.29 ms, found 2 plugins.
Preloading 0 native plugins for Editor in 0.00 ms.
Unloading 2630 Unused Serialized files (Serialized files now loaded: 0)
System memory in use before: 141.4 MB.
System memory in use after: 141.6 MB.

Unloading 12 unused Assets to reduce memory usage. Loaded Objects now: 3317.
Total: 9.135900 ms (FindLiveObjects: 0.549100 ms CreateObjectMapping: 0.613200 ms MarkObjects: 7.931400 ms  DeleteObjects: 0.039300 ms)

AssetImportParameters requested are different than current active one (requested -> active):
  custom:framework-win-MediaFoundation: 216162199b28c13a410421893ffa2e32 -> 
  custom:video-decoder-ogg-theora: a1e56fd34408186e4bbccfd4996cb3dc -> 
  custom:container-muxer-webm: aa71ff27fc2769a1b78a27578f13a17b -> 
  custom:container-demuxer-webm: 4f35f7cbe854078d1ac9338744f61a02 -> 
  custom:container-demuxer-ogg: 62fdf1f143b41e24485cea50d1cbac27 -> 
  custom:video-encoder-webm-vp8: eb34c28f22e8b96e1ab97ce403110664 -> 
  custom:video-decoder-webm-vp8: 9c59270c3fd7afecdb556c50c9e8de78 -> 
  custom:audio-decoder-ogg-vorbis: bf7c407c2cedff20999df2af8eb42d56 -> 
  custom:audio-encoder-webm-vorbis: bf7c407c2cedff20999df2af8eb42d56 -> 
